16:10:07 INFO  : Registering command handlers for SDK TCF services
16:10:08 INFO  : Launching XSCT server: xsct.bat -interactive C:\Git\slime\temp_xsdb_launch_script.tcl
16:10:11 INFO  : XSCT server has started successfully.
16:10:14 INFO  : Successfully done setting XSCT server connection channel  
16:10:14 INFO  : Successfully done setting SDK workspace  
16:10:50 ERROR : (XSDB Server)ERROR: [Hsi 55-1594] Core cpu_cortexa9 of version 2.1 not found in repositories
ERROR: [Hsi 55-1594] Core gpio of version 4.0 not found in repositories
ERROR: [Hsi 55-1594] Core gpio of version 4.0 not found in repositories
ERROR: [Hsi 55-1594] Core gpio of version 4.0 not found in repositories
ERROR: [Hsi 55-1594] Core gpio of version 4.0 not found in repositories

16:10:50 ERROR : (XSDB Server)ERROR: [Hsi 55-1594] Core axivdma of version 6.0 not found in repositories
ERROR: [Hsi 55-1594] Core coresightps_dcc of version 1.2 not found in repositories
ERROR: [Hsi 55-1594] Core devcfg of version 3.3 not found in repositories
ERROR: [Hsi 55-1594] Core dmaps of version 2.1 not found in repositories
ERROR: [Hsi 55-1594] Core dmaps of version 2.1 not found in repositories
ERROR: [Hsi 55-1594] Core emacps of version 3.1 not found in repositories
ERROR: [Hsi 55-1594] Core gpiops of version 3.1 not found in repositories
ERROR: [Hsi 55-1594] Core iicps of version 3.0 not found in repositories
ERROR: [Hsi 55-1594] Core iicps of version 3.0 not found in repositories
ERROR: [Hsi 55-1594] Core qspips of version 3.2 not found in repositories
ERROR: [Hsi 55-1594] Core scugic of version 3.1 not found in repositories
ERROR: [Hsi 55-1594] Core sdps of version 2.6 not found in repositories
ERROR: [Hsi 55-1594] Core ttcps of version 3.0 not found in repositories
ERROR: [Hsi 55-1594] Core uartps of version 3.1 not found in repositories
ERROR: [Hsi 55-1594] Core usbps of version 2.2 not found in repositories
ERROR: [Hsi 55-1594] Core standalone of version 5.3 not found in repositories
ERROR: [Hsi 55-1594] Core xilffs of version 3.1 not found in repositories
ERROR: [Hsi 55-1594] Core xilrsa of version 1.1 not found in repositories

16:10:50 ERROR : (XSDB Server)ERROR: [Hsi 55-1452] Error: running open_sw_design.

16:10:50 ERROR :  [Common 17-39] 'hsi::open_sw_design' failed due to earlier errors.
16:10:50 ERROR : (XSDB Server)ERROR: [Hsi 55-1594] Core cpu_cortexa9 of version 2.1 not found in repositories
ERROR: [Hsi 55-1594] Core gpio of version 4.0 not found in repositories
ERROR: [Hsi 55-1594] Core gpio of version 4.0 not found in repositories
ERROR: [Hsi 55-1594] Core gpio of version 4.0 not found in repositories
ERROR: [Hsi 55-1594] Core gpio of version 4.0 not found in repositories
ERROR: [Hsi 55-1594] Core axivdma of version 6.0 not found in repositories
ERROR: [Hsi 55-1594] Core coresightps_dcc of version 1.2 not found in repositories

16:10:50 ERROR : (XSDB Server)ERROR: [Hsi 55-1594] Core devcfg of version 3.3 not found in repositories
ERROR: [Hsi 55-1594] Core dmaps of version 2.1 not found in repositories
ERROR: [Hsi 55-1594] Core dmaps of version 2.1 not found in repositories
ERROR: [Hsi 55-1594] Core emacps of version 3.1 not found in repositories
ERROR: [Hsi 55-1594] Core gpiops of version 3.1 not found in repositories
ERROR: [Hsi 55-1594] Core iicps of version 3.0 not found in repositories
ERROR: [Hsi 55-1594] Core iicps of version 3.0 not found in repositories

16:10:50 ERROR : (XSDB Server)ERROR: [Hsi 55-1594] Core qspips of version 3.2 not found in repositories
ERROR: [Hsi 55-1594] Core scugic of version 3.1 not found in repositories
ERROR: [Hsi 55-1594] Core sdps of version 2.6 not found in repositories
ERROR: [Hsi 55-1594] Core ttcps of version 3.0 not found in repositories

16:10:50 ERROR : (XSDB Server)ERROR: [Hsi 55-1594] Core uartps of version 3.1 not found in repositories
ERROR: [Hsi 55-1594] Core usbps of version 2.2 not found in repositories
ERROR: [Hsi 55-1594] Core standalone of version 5.3 not found in repositories
ERROR: [Hsi 55-1594] Core xilffs of version 3.1 not found in repositories
ERROR: [Hsi 55-1594] Core xilrsa of version 1.1 not found in repositories
ERROR: [Hsi 55-1452] Error: running open_sw_design.

16:10:50 INFO  : Unable to read in MSS file C:\Git\slime\sdk\fsbl_bsp\system.mss : null
16:10:50 ERROR : (XSDB Server)ERROR: [Hsi 55-1594] Core cpu_cortexa9 of version 2.1 not found in repositories
ERROR: [Hsi 55-1594] Core gpio of version 4.0 not found in repositories
ERROR: [Hsi 55-1594] Core gpio of version 4.0 not found in repositories

16:10:50 ERROR : (XSDB Server)ERROR: [Hsi 55-1594] Core gpio of version 4.0 not found in repositories
ERROR: [Hsi 55-1594] Core gpio of version 4.0 not found in repositories
ERROR: [Hsi 55-1594] Core axivdma of version 6.0 not found in repositories
ERROR: [Hsi 55-1594] Core coresightps_dcc of version 1.2 not found in repositories
ERROR: [Hsi 55-1594] Core devcfg of version 3.3 not found in repositories
ERROR: [Hsi 55-1594] Core dmaps of version 2.1 not found in repositories
ERROR: [Hsi 55-1594] Core dmaps of version 2.1 not found in repositories

16:10:51 ERROR : (XSDB Server)ERROR: [Hsi 55-1594] Core emacps of version 3.1 not found in repositories
ERROR: [Hsi 55-1594] Core gpiops of version 3.1 not found in repositories
ERROR: [Hsi 55-1594] Core iicps of version 3.0 not found in repositories
ERROR: [Hsi 55-1594] Core iicps of version 3.0 not found in repositories
ERROR: [Hsi 55-1594] Core qspips of version 3.2 not found in repositories
ERROR: [Hsi 55-1594] Core scugic of version 3.1 not found in repositories
ERROR: [Hsi 55-1594] Core sdps of version 2.6 not found in repositories
ERROR: [Hsi 55-1594] Core ttcps of version 3.0 not found in repositories
ERROR: [Hsi 55-1594] Core uartps of version 3.1 not found in repositories
ERROR: [Hsi 55-1594] Core usbps of version 2.2 not found in repositories
ERROR: [Hsi 55-1594] Core standalone of version 5.3 not found in repositories
ERROR: [Hsi 55-1594] Core xilffs of version 3.1 not found in repositories
ERROR: [Hsi 55-1594] Core xilrsa of version 1.1 not found in repositories
ERROR: [Hsi 55-1452] Error: running open_sw_design.

16:10:51 ERROR : Failed in generating sources
16:10:51 INFO  : BSP Project P/fsbl_bsp has been successfully migrated.
16:11:22 ERROR : (XSDB Server)ERROR: [Hsi 55-1594] Core cpu_cortexa9 of version 2.1 not found in repositories
ERROR: [Hsi 55-1594] Core gpio of version 4.0 not found in repositories
ERROR: [Hsi 55-1594] Core gpio of version 4.0 not found in repositories

16:11:22 ERROR : (XSDB Server)ERROR: [Hsi 55-1594] Core gpio of version 4.0 not found in repositories
ERROR: [Hsi 55-1594] Core gpio of version 4.0 not found in repositories
ERROR: [Hsi 55-1594] Core axivdma of version 6.0 not found in repositories
ERROR: [Hsi 55-1594] Core coresightps_dcc of version 1.2 not found in repositories
ERROR: [Hsi 55-1594] Core devcfg of version 3.3 not found in repositories
ERROR: [Hsi 55-1594] Core dmaps of version 2.1 not found in repositories
ERROR: [Hsi 55-1594] Core dmaps of version 2.1 not found in repositories
ERROR: [Hsi 55-1594] Core emacps of version 3.1 not found in repositories
ERROR: [Hsi 55-1594] Core gpiops of version 3.1 not found in repositories
ERROR: [Hsi 55-1594] Core iicps of version 3.0 not found in repositories
ERROR: [Hsi 55-1594] Core iicps of version 3.0 not found in repositories
ERROR: [Hsi 55-1594] Core qspips of version 3.2 not found in repositories
ERROR: [Hsi 55-1594] Core scugic of version 3.1 not found in repositories
ERROR: [Hsi 55-1594] Core sdps of version 2.6 not found in repositories
ERROR: [Hsi 55-1594] Core ttcps of version 3.0 not found in repositories
ERROR: [Hsi 55-1594] Core uartps of version 3.1 not found in repositories
ERROR: [Hsi 55-1594] Core usbps of version 2.2 not found in repositories
ERROR: [Hsi 55-1594] Core standalone of version 5.3 not found in repositories
ERROR: [Hsi 55-1452] Error: running open_sw_design.

16:11:22 ERROR :  [Common 17-39] 'hsi::open_sw_design' failed due to earlier errors.
16:11:22 ERROR : (XSDB Server)ERROR: [Hsi 55-1594] Core cpu_cortexa9 of version 2.1 not found in repositories
ERROR: [Hsi 55-1594] Core gpio of version 4.0 not found in repositories
ERROR: [Hsi 55-1594] Core gpio of version 4.0 not found in repositories
ERROR: [Hsi 55-1594] Core gpio of version 4.0 not found in repositories
ERROR: [Hsi 55-1594] Core gpio of version 4.0 not found in repositories
ERROR: [Hsi 55-1594] Core axivdma of version 6.0 not found in repositories
ERROR: [Hsi 55-1594] Core coresightps_dcc of version 1.2 not found in repositories
ERROR: [Hsi 55-1594] Core devcfg of version 3.3 not found in repositories
ERROR: [Hsi 55-1594] Core dmaps of version 2.1 not found in repositories
ERROR: [Hsi 55-1594] Core dmaps of version 2.1 not found in repositories
ERROR: [Hsi 55-1452] Error: running open_sw_design.

16:11:22 INFO  : Unable to read in MSS file C:\Git\slime\sdk\displaydemo_bsp\system.mss : null
16:11:22 ERROR : (XSDB Server)ERROR: [Hsi 55-1452] Error: running open_sw_design.

16:11:22 ERROR : Failed in generating sources
16:11:22 INFO  : BSP Project P/displaydemo_bsp has been successfully migrated.
