
*** Running vivado
    with args -log hdmi_out_wrapper.vdi -applog -m64 -product Vivado -messageDb vivado.pb -mode batch -source hdmi_out_wrapper.tcl -notrace


****** Vivado v2018.2.2 (64-bit)
  **** SW Build 2258646 on Thu Jun 14 20:03:12 MDT 2018
  **** IP Build 2318053 on Mon Oct  1 21:44:26 MDT 2018
    ** Copyright 1986-2018 Xilinx, Inc. All Rights Reserved.

source hdmi_out_wrapper.tcl -notrace
INFO: [IP_Flow 19-234] Refreshing IP repositories
INFO: [IP_Flow 19-1700] Loaded user IP repository 'c:/Git/slime/hdmi-out.ipdefs/repo_0_0'.
INFO: [IP_Flow 19-2313] Loaded Vivado IP repository 'C:/Xilinx/Vivado/2018.2/data/ip'.
Command: link_design -top hdmi_out_wrapper -part xc7z010clg400-1
Design is defaulting to srcset: sources_1
Design is defaulting to constrset: constrs_1
INFO: [Project 1-454] Reading design checkpoint 'c:/Git/slime/hdmi-out.srcs/sources_1/bd/hdmi_out/ip/hdmi_out_axi_dynclk_0_0/hdmi_out_axi_dynclk_0_0.dcp' for cell 'hdmi_out_i/axi_dynclk_0'
INFO: [Project 1-454] Reading design checkpoint 'c:/Git/slime/hdmi-out.srcs/sources_1/bd/hdmi_out/ip/hdmi_out_axi_gpio_btn_0/hdmi_out_axi_gpio_btn_0.dcp' for cell 'hdmi_out_i/axi_gpio_btn'
INFO: [Project 1-454] Reading design checkpoint 'c:/Git/slime/hdmi-out.srcs/sources_1/bd/hdmi_out/ip/hdmi_out_axi_gpio_0_0/hdmi_out_axi_gpio_0_0.dcp' for cell 'hdmi_out_i/axi_gpio_controller_1'
INFO: [Project 1-454] Reading design checkpoint 'c:/Git/slime/hdmi-out.srcs/sources_1/bd/hdmi_out/ip/hdmi_out_axi_gpio_0_1/hdmi_out_axi_gpio_0_1.dcp' for cell 'hdmi_out_i/axi_gpio_controller_2'
INFO: [Project 1-454] Reading design checkpoint 'c:/Git/slime/hdmi-out.srcs/sources_1/bd/hdmi_out/ip/hdmi_out_axi_gpio_hdmi_0/hdmi_out_axi_gpio_hdmi_0.dcp' for cell 'hdmi_out_i/axi_gpio_hdmi'
INFO: [Project 1-454] Reading design checkpoint 'c:/Git/slime/hdmi-out.srcs/sources_1/bd/hdmi_out/ip/hdmi_out_axi_vdma_0_0/hdmi_out_axi_vdma_0_0.dcp' for cell 'hdmi_out_i/axi_vdma_0'
INFO: [Project 1-454] Reading design checkpoint 'c:/Git/slime/hdmi-out.srcs/sources_1/bd/hdmi_out/ip/hdmi_out_axis_subset_converter_0_0/hdmi_out_axis_subset_converter_0_0.dcp' for cell 'hdmi_out_i/axis_subset_converter_0'
INFO: [Project 1-454] Reading design checkpoint 'c:/Git/slime/hdmi-out.srcs/sources_1/bd/hdmi_out/ip/hdmi_out_proc_sys_reset_0_0/hdmi_out_proc_sys_reset_0_0.dcp' for cell 'hdmi_out_i/proc_sys_reset_0'
INFO: [Project 1-454] Reading design checkpoint 'c:/Git/slime/hdmi-out.srcs/sources_1/bd/hdmi_out/ip/hdmi_out_proc_sys_reset_1_0/hdmi_out_proc_sys_reset_1_0.dcp' for cell 'hdmi_out_i/proc_sys_reset_1'
INFO: [Project 1-454] Reading design checkpoint 'c:/Git/slime/hdmi-out.srcs/sources_1/bd/hdmi_out/ip/hdmi_out_processing_system7_0_0/hdmi_out_processing_system7_0_0.dcp' for cell 'hdmi_out_i/processing_system7_0'
INFO: [Project 1-454] Reading design checkpoint 'c:/Git/slime/hdmi-out.srcs/sources_1/bd/hdmi_out/ip/hdmi_out_rgb2dvi_0_0/hdmi_out_rgb2dvi_0_0.dcp' for cell 'hdmi_out_i/rgb2dvi_0'
INFO: [Project 1-454] Reading design checkpoint 'c:/Git/slime/hdmi-out.srcs/sources_1/bd/hdmi_out/ip/hdmi_out_v_axi4s_vid_out_0_0/hdmi_out_v_axi4s_vid_out_0_0.dcp' for cell 'hdmi_out_i/v_axi4s_vid_out_0'
INFO: [Project 1-454] Reading design checkpoint 'c:/Git/slime/hdmi-out.srcs/sources_1/bd/hdmi_out/ip/hdmi_out_v_tc_0_0/hdmi_out_v_tc_0_0.dcp' for cell 'hdmi_out_i/v_tc_0'
INFO: [Project 1-454] Reading design checkpoint 'c:/Git/slime/hdmi-out.srcs/sources_1/bd/hdmi_out/ip/hdmi_out_xlconcat_0_0/hdmi_out_xlconcat_0_0.dcp' for cell 'hdmi_out_i/xlconcat_0'
INFO: [Project 1-454] Reading design checkpoint 'c:/Git/slime/hdmi-out.srcs/sources_1/bd/hdmi_out/ip/hdmi_out_xlconstant_0_0/hdmi_out_xlconstant_0_0.dcp' for cell 'hdmi_out_i/xlconstant_0'
INFO: [Project 1-454] Reading design checkpoint 'c:/Git/slime/hdmi-out.srcs/sources_1/bd/hdmi_out/ip/hdmi_out_xlconstant_1_0/hdmi_out_xlconstant_1_0.dcp' for cell 'hdmi_out_i/xlconstant_1'
INFO: [Project 1-454] Reading design checkpoint 'c:/Git/slime/hdmi-out.srcs/sources_1/bd/hdmi_out/ip/hdmi_out_auto_pc_0/hdmi_out_auto_pc_0.dcp' for cell 'hdmi_out_i/axi_mem_intercon/s00_couplers/auto_pc'
INFO: [Project 1-454] Reading design checkpoint 'c:/Git/slime/hdmi-out.srcs/sources_1/bd/hdmi_out/ip/hdmi_out_s00_data_fifo_0/hdmi_out_s00_data_fifo_0.dcp' for cell 'hdmi_out_i/axi_mem_intercon/s00_couplers/s00_data_fifo'
INFO: [Project 1-454] Reading design checkpoint 'c:/Git/slime/hdmi-out.srcs/sources_1/bd/hdmi_out/ip/hdmi_out_s00_regslice_0/hdmi_out_s00_regslice_0.dcp' for cell 'hdmi_out_i/axi_mem_intercon/s00_couplers/s00_regslice'
INFO: [Project 1-454] Reading design checkpoint 'c:/Git/slime/hdmi-out.srcs/sources_1/bd/hdmi_out/ip/hdmi_out_xbar_0/hdmi_out_xbar_0.dcp' for cell 'hdmi_out_i/processing_system7_0_axi_periph/xbar'
INFO: [Project 1-454] Reading design checkpoint 'c:/Git/slime/hdmi-out.srcs/sources_1/bd/hdmi_out/ip/hdmi_out_auto_pc_1/hdmi_out_auto_pc_1.dcp' for cell 'hdmi_out_i/processing_system7_0_axi_periph/s00_couplers/auto_pc'
INFO: [Netlist 29-17] Analyzing 378 Unisim elements for replacement
INFO: [Netlist 29-28] Unisim Transformation completed in 0 CPU seconds
INFO: [Project 1-479] Netlist was created with Vivado 2018.2.2
INFO: [Device 21-403] Loading part xc7z010clg400-1
INFO: [Project 1-570] Preparing netlist for logic optimization
Parsing XDC File [c:/Git/slime/hdmi-out.srcs/sources_1/bd/hdmi_out/ip/hdmi_out_axi_gpio_btn_0/hdmi_out_axi_gpio_btn_0_board.xdc] for cell 'hdmi_out_i/axi_gpio_btn/U0'
Finished Parsing XDC File [c:/Git/slime/hdmi-out.srcs/sources_1/bd/hdmi_out/ip/hdmi_out_axi_gpio_btn_0/hdmi_out_axi_gpio_btn_0_board.xdc] for cell 'hdmi_out_i/axi_gpio_btn/U0'
Parsing XDC File [c:/Git/slime/hdmi-out.srcs/sources_1/bd/hdmi_out/ip/hdmi_out_axi_gpio_btn_0/hdmi_out_axi_gpio_btn_0.xdc] for cell 'hdmi_out_i/axi_gpio_btn/U0'
Finished Parsing XDC File [c:/Git/slime/hdmi-out.srcs/sources_1/bd/hdmi_out/ip/hdmi_out_axi_gpio_btn_0/hdmi_out_axi_gpio_btn_0.xdc] for cell 'hdmi_out_i/axi_gpio_btn/U0'
Parsing XDC File [c:/Git/slime/hdmi-out.srcs/sources_1/bd/hdmi_out/ip/hdmi_out_axi_gpio_hdmi_0/hdmi_out_axi_gpio_hdmi_0_board.xdc] for cell 'hdmi_out_i/axi_gpio_hdmi/U0'
Finished Parsing XDC File [c:/Git/slime/hdmi-out.srcs/sources_1/bd/hdmi_out/ip/hdmi_out_axi_gpio_hdmi_0/hdmi_out_axi_gpio_hdmi_0_board.xdc] for cell 'hdmi_out_i/axi_gpio_hdmi/U0'
Parsing XDC File [c:/Git/slime/hdmi-out.srcs/sources_1/bd/hdmi_out/ip/hdmi_out_axi_gpio_hdmi_0/hdmi_out_axi_gpio_hdmi_0.xdc] for cell 'hdmi_out_i/axi_gpio_hdmi/U0'
Finished Parsing XDC File [c:/Git/slime/hdmi-out.srcs/sources_1/bd/hdmi_out/ip/hdmi_out_axi_gpio_hdmi_0/hdmi_out_axi_gpio_hdmi_0.xdc] for cell 'hdmi_out_i/axi_gpio_hdmi/U0'
Parsing XDC File [c:/Git/slime/hdmi-out.srcs/sources_1/bd/hdmi_out/ip/hdmi_out_axi_vdma_0_0/hdmi_out_axi_vdma_0_0.xdc] for cell 'hdmi_out_i/axi_vdma_0/U0'
Finished Parsing XDC File [c:/Git/slime/hdmi-out.srcs/sources_1/bd/hdmi_out/ip/hdmi_out_axi_vdma_0_0/hdmi_out_axi_vdma_0_0.xdc] for cell 'hdmi_out_i/axi_vdma_0/U0'
Parsing XDC File [c:/Git/slime/hdmi-out.srcs/sources_1/bd/hdmi_out/ip/hdmi_out_proc_sys_reset_0_0/hdmi_out_proc_sys_reset_0_0_board.xdc] for cell 'hdmi_out_i/proc_sys_reset_0/U0'
Finished Parsing XDC File [c:/Git/slime/hdmi-out.srcs/sources_1/bd/hdmi_out/ip/hdmi_out_proc_sys_reset_0_0/hdmi_out_proc_sys_reset_0_0_board.xdc] for cell 'hdmi_out_i/proc_sys_reset_0/U0'
Parsing XDC File [c:/Git/slime/hdmi-out.srcs/sources_1/bd/hdmi_out/ip/hdmi_out_proc_sys_reset_0_0/hdmi_out_proc_sys_reset_0_0.xdc] for cell 'hdmi_out_i/proc_sys_reset_0/U0'
Finished Parsing XDC File [c:/Git/slime/hdmi-out.srcs/sources_1/bd/hdmi_out/ip/hdmi_out_proc_sys_reset_0_0/hdmi_out_proc_sys_reset_0_0.xdc] for cell 'hdmi_out_i/proc_sys_reset_0/U0'
Parsing XDC File [c:/Git/slime/hdmi-out.srcs/sources_1/bd/hdmi_out/ip/hdmi_out_proc_sys_reset_1_0/hdmi_out_proc_sys_reset_1_0_board.xdc] for cell 'hdmi_out_i/proc_sys_reset_1/U0'
Finished Parsing XDC File [c:/Git/slime/hdmi-out.srcs/sources_1/bd/hdmi_out/ip/hdmi_out_proc_sys_reset_1_0/hdmi_out_proc_sys_reset_1_0_board.xdc] for cell 'hdmi_out_i/proc_sys_reset_1/U0'
Parsing XDC File [c:/Git/slime/hdmi-out.srcs/sources_1/bd/hdmi_out/ip/hdmi_out_proc_sys_reset_1_0/hdmi_out_proc_sys_reset_1_0.xdc] for cell 'hdmi_out_i/proc_sys_reset_1/U0'
Finished Parsing XDC File [c:/Git/slime/hdmi-out.srcs/sources_1/bd/hdmi_out/ip/hdmi_out_proc_sys_reset_1_0/hdmi_out_proc_sys_reset_1_0.xdc] for cell 'hdmi_out_i/proc_sys_reset_1/U0'
Parsing XDC File [c:/Git/slime/hdmi-out.srcs/sources_1/bd/hdmi_out/ip/hdmi_out_processing_system7_0_0/hdmi_out_processing_system7_0_0.xdc] for cell 'hdmi_out_i/processing_system7_0/inst'
Finished Parsing XDC File [c:/Git/slime/hdmi-out.srcs/sources_1/bd/hdmi_out/ip/hdmi_out_processing_system7_0_0/hdmi_out_processing_system7_0_0.xdc] for cell 'hdmi_out_i/processing_system7_0/inst'
Parsing XDC File [c:/Git/slime/hdmi-out.srcs/sources_1/bd/hdmi_out/ip/hdmi_out_rgb2dvi_0_0/src/rgb2dvi.xdc] for cell 'hdmi_out_i/rgb2dvi_0/U0'
Finished Parsing XDC File [c:/Git/slime/hdmi-out.srcs/sources_1/bd/hdmi_out/ip/hdmi_out_rgb2dvi_0_0/src/rgb2dvi.xdc] for cell 'hdmi_out_i/rgb2dvi_0/U0'
Parsing XDC File [c:/Git/slime/hdmi-out.srcs/sources_1/bd/hdmi_out/ip/hdmi_out_axi_gpio_0_0/hdmi_out_axi_gpio_0_0_board.xdc] for cell 'hdmi_out_i/axi_gpio_controller_1/U0'
Finished Parsing XDC File [c:/Git/slime/hdmi-out.srcs/sources_1/bd/hdmi_out/ip/hdmi_out_axi_gpio_0_0/hdmi_out_axi_gpio_0_0_board.xdc] for cell 'hdmi_out_i/axi_gpio_controller_1/U0'
Parsing XDC File [c:/Git/slime/hdmi-out.srcs/sources_1/bd/hdmi_out/ip/hdmi_out_axi_gpio_0_0/hdmi_out_axi_gpio_0_0.xdc] for cell 'hdmi_out_i/axi_gpio_controller_1/U0'
Finished Parsing XDC File [c:/Git/slime/hdmi-out.srcs/sources_1/bd/hdmi_out/ip/hdmi_out_axi_gpio_0_0/hdmi_out_axi_gpio_0_0.xdc] for cell 'hdmi_out_i/axi_gpio_controller_1/U0'
Parsing XDC File [c:/Git/slime/hdmi-out.srcs/sources_1/bd/hdmi_out/ip/hdmi_out_axi_gpio_0_1/hdmi_out_axi_gpio_0_1_board.xdc] for cell 'hdmi_out_i/axi_gpio_controller_2/U0'
Finished Parsing XDC File [c:/Git/slime/hdmi-out.srcs/sources_1/bd/hdmi_out/ip/hdmi_out_axi_gpio_0_1/hdmi_out_axi_gpio_0_1_board.xdc] for cell 'hdmi_out_i/axi_gpio_controller_2/U0'
Parsing XDC File [c:/Git/slime/hdmi-out.srcs/sources_1/bd/hdmi_out/ip/hdmi_out_axi_gpio_0_1/hdmi_out_axi_gpio_0_1.xdc] for cell 'hdmi_out_i/axi_gpio_controller_2/U0'
Finished Parsing XDC File [c:/Git/slime/hdmi-out.srcs/sources_1/bd/hdmi_out/ip/hdmi_out_axi_gpio_0_1/hdmi_out_axi_gpio_0_1.xdc] for cell 'hdmi_out_i/axi_gpio_controller_2/U0'
Parsing XDC File [C:/Git/slime/hdmi-out.srcs/constrs_1/imports/constraints/ZYBO_Master.xdc]
WARNING: [Vivado 12-584] No ports matched 'gpio_rtl_tri_i[7]'. [C:/Git/slime/hdmi-out.srcs/constrs_1/imports/constraints/ZYBO_Master.xdc:400]
CRITICAL WARNING: [Common 17-55] 'set_property' expects at least one object. [C:/Git/slime/hdmi-out.srcs/constrs_1/imports/constraints/ZYBO_Master.xdc:400]
Resolution: If [get_<value>] was used to populate the object, check to make sure this command returns at least one valid object.
WARNING: [Vivado 12-584] No ports matched 'gpio_rtl_tri_i[6]'. [C:/Git/slime/hdmi-out.srcs/constrs_1/imports/constraints/ZYBO_Master.xdc:401]
CRITICAL WARNING: [Common 17-55] 'set_property' expects at least one object. [C:/Git/slime/hdmi-out.srcs/constrs_1/imports/constraints/ZYBO_Master.xdc:401]
Resolution: If [get_<value>] was used to populate the object, check to make sure this command returns at least one valid object.
WARNING: [Vivado 12-584] No ports matched 'gpio_rtl_tri_i[5]'. [C:/Git/slime/hdmi-out.srcs/constrs_1/imports/constraints/ZYBO_Master.xdc:402]
CRITICAL WARNING: [Common 17-55] 'set_property' expects at least one object. [C:/Git/slime/hdmi-out.srcs/constrs_1/imports/constraints/ZYBO_Master.xdc:402]
Resolution: If [get_<value>] was used to populate the object, check to make sure this command returns at least one valid object.
WARNING: [Vivado 12-584] No ports matched 'gpio_rtl_tri_i[4]'. [C:/Git/slime/hdmi-out.srcs/constrs_1/imports/constraints/ZYBO_Master.xdc:403]
CRITICAL WARNING: [Common 17-55] 'set_property' expects at least one object. [C:/Git/slime/hdmi-out.srcs/constrs_1/imports/constraints/ZYBO_Master.xdc:403]
Resolution: If [get_<value>] was used to populate the object, check to make sure this command returns at least one valid object.
WARNING: [Vivado 12-584] No ports matched 'gpio_rtl_tri_i[7]'. [C:/Git/slime/hdmi-out.srcs/constrs_1/imports/constraints/ZYBO_Master.xdc:408]
CRITICAL WARNING: [Common 17-55] 'set_property' expects at least one object. [C:/Git/slime/hdmi-out.srcs/constrs_1/imports/constraints/ZYBO_Master.xdc:408]
Resolution: If [get_<value>] was used to populate the object, check to make sure this command returns at least one valid object.
WARNING: [Vivado 12-584] No ports matched 'gpio_rtl_tri_i[6]'. [C:/Git/slime/hdmi-out.srcs/constrs_1/imports/constraints/ZYBO_Master.xdc:409]
CRITICAL WARNING: [Common 17-55] 'set_property' expects at least one object. [C:/Git/slime/hdmi-out.srcs/constrs_1/imports/constraints/ZYBO_Master.xdc:409]
Resolution: If [get_<value>] was used to populate the object, check to make sure this command returns at least one valid object.
WARNING: [Vivado 12-584] No ports matched 'gpio_rtl_tri_i[5]'. [C:/Git/slime/hdmi-out.srcs/constrs_1/imports/constraints/ZYBO_Master.xdc:410]
CRITICAL WARNING: [Common 17-55] 'set_property' expects at least one object. [C:/Git/slime/hdmi-out.srcs/constrs_1/imports/constraints/ZYBO_Master.xdc:410]
Resolution: If [get_<value>] was used to populate the object, check to make sure this command returns at least one valid object.
WARNING: [Vivado 12-584] No ports matched 'gpio_rtl_tri_i[4]'. [C:/Git/slime/hdmi-out.srcs/constrs_1/imports/constraints/ZYBO_Master.xdc:411]
CRITICAL WARNING: [Common 17-55] 'set_property' expects at least one object. [C:/Git/slime/hdmi-out.srcs/constrs_1/imports/constraints/ZYBO_Master.xdc:411]
Resolution: If [get_<value>] was used to populate the object, check to make sure this command returns at least one valid object.
Finished Parsing XDC File [C:/Git/slime/hdmi-out.srcs/constrs_1/imports/constraints/ZYBO_Master.xdc]
Parsing XDC File [c:/Git/slime/hdmi-out.srcs/sources_1/bd/hdmi_out/ip/hdmi_out_axi_vdma_0_0/hdmi_out_axi_vdma_0_0_clocks.xdc] for cell 'hdmi_out_i/axi_vdma_0/U0'
Finished Parsing XDC File [c:/Git/slime/hdmi-out.srcs/sources_1/bd/hdmi_out/ip/hdmi_out_axi_vdma_0_0/hdmi_out_axi_vdma_0_0_clocks.xdc] for cell 'hdmi_out_i/axi_vdma_0/U0'
Parsing XDC File [c:/Git/slime/hdmi-out.srcs/sources_1/bd/hdmi_out/ip/hdmi_out_rgb2dvi_0_0/src/rgb2dvi_clocks.xdc] for cell 'hdmi_out_i/rgb2dvi_0/U0'
Finished Parsing XDC File [c:/Git/slime/hdmi-out.srcs/sources_1/bd/hdmi_out/ip/hdmi_out_rgb2dvi_0_0/src/rgb2dvi_clocks.xdc] for cell 'hdmi_out_i/rgb2dvi_0/U0'
Parsing XDC File [c:/Git/slime/hdmi-out.srcs/sources_1/bd/hdmi_out/ip/hdmi_out_v_axi4s_vid_out_0_0/hdmi_out_v_axi4s_vid_out_0_0_clocks.xdc] for cell 'hdmi_out_i/v_axi4s_vid_out_0/inst'
Finished Parsing XDC File [c:/Git/slime/hdmi-out.srcs/sources_1/bd/hdmi_out/ip/hdmi_out_v_axi4s_vid_out_0_0/hdmi_out_v_axi4s_vid_out_0_0_clocks.xdc] for cell 'hdmi_out_i/v_axi4s_vid_out_0/inst'
Parsing XDC File [c:/Git/slime/hdmi-out.srcs/sources_1/bd/hdmi_out/ip/hdmi_out_v_tc_0_0/hdmi_out_v_tc_0_0_clocks.xdc] for cell 'hdmi_out_i/v_tc_0/U0'
INFO: [Timing 38-35] Done setting XDC timing constraints. [c:/Git/slime/hdmi-out.srcs/sources_1/bd/hdmi_out/ip/hdmi_out_v_tc_0_0/hdmi_out_v_tc_0_0_clocks.xdc:2]
INFO: [Timing 38-2] Deriving generated clocks [c:/Git/slime/hdmi-out.srcs/sources_1/bd/hdmi_out/ip/hdmi_out_v_tc_0_0/hdmi_out_v_tc_0_0_clocks.xdc:2]
get_clocks: Time (s): cpu = 00:00:10 ; elapsed = 00:00:11 . Memory (MB): peak = 1267.539 ; gain = 563.094
Finished Parsing XDC File [c:/Git/slime/hdmi-out.srcs/sources_1/bd/hdmi_out/ip/hdmi_out_v_tc_0_0/hdmi_out_v_tc_0_0_clocks.xdc] for cell 'hdmi_out_i/v_tc_0/U0'
Parsing XDC File [c:/Git/slime/hdmi-out.srcs/sources_1/bd/hdmi_out/ip/hdmi_out_s00_regslice_0/hdmi_out_s00_regslice_0_clocks.xdc] for cell 'hdmi_out_i/axi_mem_intercon/s00_couplers/s00_regslice/inst'
Finished Parsing XDC File [c:/Git/slime/hdmi-out.srcs/sources_1/bd/hdmi_out/ip/hdmi_out_s00_regslice_0/hdmi_out_s00_regslice_0_clocks.xdc] for cell 'hdmi_out_i/axi_mem_intercon/s00_couplers/s00_regslice/inst'
Sourcing Tcl File [C:/Xilinx/Vivado/2018.2/data/ip/xpm/xpm_cdc/tcl/xpm_cdc_async_rst.tcl] for cell 'hdmi_out_i/axi_mem_intercon/s00_couplers/auto_pc/inst/gen_axi4_axi3.axi3_conv_inst/USE_READ.USE_SPLIT_R.read_addr_inst/USE_R_CHANNEL.cmd_queue/inst/fifo_gen_inst/inst_fifo_gen/gconvfifo.rf/grf.rf/rstblk/ngwrdrst.grst.g7serrst.gnsckt_wrst.rst_wr_reg2_inst'
Finished Sourcing Tcl File [C:/Xilinx/Vivado/2018.2/data/ip/xpm/xpm_cdc/tcl/xpm_cdc_async_rst.tcl] for cell 'hdmi_out_i/axi_mem_intercon/s00_couplers/auto_pc/inst/gen_axi4_axi3.axi3_conv_inst/USE_READ.USE_SPLIT_R.read_addr_inst/USE_R_CHANNEL.cmd_queue/inst/fifo_gen_inst/inst_fifo_gen/gconvfifo.rf/grf.rf/rstblk/ngwrdrst.grst.g7serrst.gnsckt_wrst.rst_wr_reg2_inst'
Sourcing Tcl File [C:/Xilinx/Vivado/2018.2/data/ip/xpm/xpm_cdc/tcl/xpm_cdc_async_rst.tcl] for cell 'hdmi_out_i/axi_mem_intercon/s00_couplers/s00_data_fifo/inst/gen_fifo.fifo_gen_inst/inst_fifo_gen/gaxi_full_lite.gread_ch.grach2.gaxi_arvld.rach_pkt_reg_slice/rstblk/ngwrdrst.grst.g7serrst.gnsckt_wrst.rst_wr_reg2_inst'
Finished Sourcing Tcl File [C:/Xilinx/Vivado/2018.2/data/ip/xpm/xpm_cdc/tcl/xpm_cdc_async_rst.tcl] for cell 'hdmi_out_i/axi_mem_intercon/s00_couplers/s00_data_fifo/inst/gen_fifo.fifo_gen_inst/inst_fifo_gen/gaxi_full_lite.gread_ch.grach2.gaxi_arvld.rach_pkt_reg_slice/rstblk/ngwrdrst.grst.g7serrst.gnsckt_wrst.rst_wr_reg2_inst'
Sourcing Tcl File [C:/Xilinx/Vivado/2018.2/data/ip/xpm/xpm_cdc/tcl/xpm_cdc_async_rst.tcl] for cell 'hdmi_out_i/axi_mem_intercon/s00_couplers/s00_data_fifo/inst/gen_fifo.fifo_gen_inst/inst_fifo_gen/reset_gen_cc.rstblk_cc/ngwrdrst.grst.g7serrst.gnsckt_wrst.rst_wr_reg2_inst'
Finished Sourcing Tcl File [C:/Xilinx/Vivado/2018.2/data/ip/xpm/xpm_cdc/tcl/xpm_cdc_async_rst.tcl] for cell 'hdmi_out_i/axi_mem_intercon/s00_couplers/s00_data_fifo/inst/gen_fifo.fifo_gen_inst/inst_fifo_gen/reset_gen_cc.rstblk_cc/ngwrdrst.grst.g7serrst.gnsckt_wrst.rst_wr_reg2_inst'
Sourcing Tcl File [C:/Xilinx/Vivado/2018.2/data/ip/xpm/xpm_cdc/tcl/xpm_cdc_async_rst.tcl] for cell 'hdmi_out_i/axi_mem_intercon/s00_couplers/s00_data_fifo/inst/gen_fifo.fifo_gen_inst/inst_fifo_gen/gaxi_full_lite.gread_ch.grach2.axi_rach/grf.rf/rstblk/ngwrdrst.grst.g7serrst.gnsckt_wrst.rst_wr_reg2_inst'
Finished Sourcing Tcl File [C:/Xilinx/Vivado/2018.2/data/ip/xpm/xpm_cdc/tcl/xpm_cdc_async_rst.tcl] for cell 'hdmi_out_i/axi_mem_intercon/s00_couplers/s00_data_fifo/inst/gen_fifo.fifo_gen_inst/inst_fifo_gen/gaxi_full_lite.gread_ch.grach2.axi_rach/grf.rf/rstblk/ngwrdrst.grst.g7serrst.gnsckt_wrst.rst_wr_reg2_inst'
Sourcing Tcl File [C:/Xilinx/Vivado/2018.2/data/ip/xpm/xpm_cdc/tcl/xpm_cdc_gray.tcl] for cell 'hdmi_out_i/v_axi4s_vid_out_0/inst/COUPLER_INST/generate_async_fifo.FIFO_INST/XPM_FIFO_ASYNC_INST/gnuram_async_fifo.xpm_fifo_base_inst/gen_cdc_pntr.rd_pntr_cdc_inst'
Finished Sourcing Tcl File [C:/Xilinx/Vivado/2018.2/data/ip/xpm/xpm_cdc/tcl/xpm_cdc_gray.tcl] for cell 'hdmi_out_i/v_axi4s_vid_out_0/inst/COUPLER_INST/generate_async_fifo.FIFO_INST/XPM_FIFO_ASYNC_INST/gnuram_async_fifo.xpm_fifo_base_inst/gen_cdc_pntr.rd_pntr_cdc_inst'
Sourcing Tcl File [C:/Xilinx/Vivado/2018.2/data/ip/xpm/xpm_cdc/tcl/xpm_cdc_gray.tcl] for cell 'hdmi_out_i/v_axi4s_vid_out_0/inst/COUPLER_INST/generate_async_fifo.FIFO_INST/XPM_FIFO_ASYNC_INST/gnuram_async_fifo.xpm_fifo_base_inst/gen_cdc_pntr.wr_pntr_cdc_inst'
Finished Sourcing Tcl File [C:/Xilinx/Vivado/2018.2/data/ip/xpm/xpm_cdc/tcl/xpm_cdc_gray.tcl] for cell 'hdmi_out_i/v_axi4s_vid_out_0/inst/COUPLER_INST/generate_async_fifo.FIFO_INST/XPM_FIFO_ASYNC_INST/gnuram_async_fifo.xpm_fifo_base_inst/gen_cdc_pntr.wr_pntr_cdc_inst'
Sourcing Tcl File [C:/Xilinx/Vivado/2018.2/data/ip/xpm/xpm_cdc/tcl/xpm_cdc_gray.tcl] for cell 'hdmi_out_i/v_axi4s_vid_out_0/inst/COUPLER_INST/generate_async_fifo.FIFO_INST/XPM_FIFO_ASYNC_INST/gnuram_async_fifo.xpm_fifo_base_inst/gen_cdc_pntr.wr_pntr_cdc_dc_inst'
Finished Sourcing Tcl File [C:/Xilinx/Vivado/2018.2/data/ip/xpm/xpm_cdc/tcl/xpm_cdc_gray.tcl] for cell 'hdmi_out_i/v_axi4s_vid_out_0/inst/COUPLER_INST/generate_async_fifo.FIFO_INST/XPM_FIFO_ASYNC_INST/gnuram_async_fifo.xpm_fifo_base_inst/gen_cdc_pntr.wr_pntr_cdc_dc_inst'
Sourcing Tcl File [C:/Xilinx/Vivado/2018.2/data/ip/xpm/xpm_cdc/tcl/xpm_cdc_gray.tcl] for cell 'hdmi_out_i/v_axi4s_vid_out_0/inst/COUPLER_INST/generate_async_fifo.FIFO_INST/XPM_FIFO_ASYNC_INST/gnuram_async_fifo.xpm_fifo_base_inst/gen_cdc_pntr.rd_pntr_cdc_dc_inst'
Finished Sourcing Tcl File [C:/Xilinx/Vivado/2018.2/data/ip/xpm/xpm_cdc/tcl/xpm_cdc_gray.tcl] for cell 'hdmi_out_i/v_axi4s_vid_out_0/inst/COUPLER_INST/generate_async_fifo.FIFO_INST/XPM_FIFO_ASYNC_INST/gnuram_async_fifo.xpm_fifo_base_inst/gen_cdc_pntr.rd_pntr_cdc_dc_inst'
Sourcing Tcl File [C:/Xilinx/Vivado/2018.2/data/ip/xpm/xpm_cdc/tcl/xpm_cdc_single.tcl] for cell 'hdmi_out_i/v_axi4s_vid_out_0/inst/CDC_SINGLE_LOCKED_INST/xpm_cdc_single_inst'
Finished Sourcing Tcl File [C:/Xilinx/Vivado/2018.2/data/ip/xpm/xpm_cdc/tcl/xpm_cdc_single.tcl] for cell 'hdmi_out_i/v_axi4s_vid_out_0/inst/CDC_SINGLE_LOCKED_INST/xpm_cdc_single_inst'
Sourcing Tcl File [C:/Xilinx/Vivado/2018.2/data/ip/xpm/xpm_cdc/tcl/xpm_cdc_single.tcl] for cell 'hdmi_out_i/v_axi4s_vid_out_0/inst/CDC_SINGLE_REMAP_UNDERFLOW_INST/xpm_cdc_single_inst'
Finished Sourcing Tcl File [C:/Xilinx/Vivado/2018.2/data/ip/xpm/xpm_cdc/tcl/xpm_cdc_single.tcl] for cell 'hdmi_out_i/v_axi4s_vid_out_0/inst/CDC_SINGLE_REMAP_UNDERFLOW_INST/xpm_cdc_single_inst'
Sourcing Tcl File [C:/Xilinx/Vivado/2018.2/data/ip/xpm/xpm_cdc/tcl/xpm_cdc_sync_rst.tcl] for cell 'hdmi_out_i/axi_mem_intercon/s00_couplers/s00_data_fifo/inst/gen_fifo.fifo_gen_inst/inst_fifo_gen/gaxi_full_lite.gread_ch.grdch2.axi_rdch/grf.rf/rstblk/ngwrdrst.grst.g7serrst.gsckt_wrst.xpm_cdc_sync_rst_inst_wrst'
Finished Sourcing Tcl File [C:/Xilinx/Vivado/2018.2/data/ip/xpm/xpm_cdc/tcl/xpm_cdc_sync_rst.tcl] for cell 'hdmi_out_i/axi_mem_intercon/s00_couplers/s00_data_fifo/inst/gen_fifo.fifo_gen_inst/inst_fifo_gen/gaxi_full_lite.gread_ch.grdch2.axi_rdch/grf.rf/rstblk/ngwrdrst.grst.g7serrst.gsckt_wrst.xpm_cdc_sync_rst_inst_wrst'
Sourcing Tcl File [C:/Xilinx/Vivado/2018.2/data/ip/xpm/xpm_cdc/tcl/xpm_cdc_sync_rst.tcl] for cell 'hdmi_out_i/v_axi4s_vid_out_0/inst/COUPLER_INST/generate_async_fifo.FIFO_INST/XPM_FIFO_ASYNC_INST/gnuram_async_fifo.xpm_fifo_base_inst/xpm_fifo_rst_inst/gen_rst_ic.rrst_wr_inst'
Finished Sourcing Tcl File [C:/Xilinx/Vivado/2018.2/data/ip/xpm/xpm_cdc/tcl/xpm_cdc_sync_rst.tcl] for cell 'hdmi_out_i/v_axi4s_vid_out_0/inst/COUPLER_INST/generate_async_fifo.FIFO_INST/XPM_FIFO_ASYNC_INST/gnuram_async_fifo.xpm_fifo_base_inst/xpm_fifo_rst_inst/gen_rst_ic.rrst_wr_inst'
Sourcing Tcl File [C:/Xilinx/Vivado/2018.2/data/ip/xpm/xpm_cdc/tcl/xpm_cdc_sync_rst.tcl] for cell 'hdmi_out_i/v_axi4s_vid_out_0/inst/COUPLER_INST/generate_async_fifo.FIFO_INST/XPM_FIFO_ASYNC_INST/gnuram_async_fifo.xpm_fifo_base_inst/xpm_fifo_rst_inst/gen_rst_ic.wrst_rd_inst'
Finished Sourcing Tcl File [C:/Xilinx/Vivado/2018.2/data/ip/xpm/xpm_cdc/tcl/xpm_cdc_sync_rst.tcl] for cell 'hdmi_out_i/v_axi4s_vid_out_0/inst/COUPLER_INST/generate_async_fifo.FIFO_INST/XPM_FIFO_ASYNC_INST/gnuram_async_fifo.xpm_fifo_base_inst/xpm_fifo_rst_inst/gen_rst_ic.wrst_rd_inst'
Sourcing Tcl File [C:/Xilinx/Vivado/2018.2/data/ip/xpm/xpm_fifo/tcl/xpm_fifo_rst.tcl] for cell 'hdmi_out_i/axi_vdma_0/U0/I_PRMRY_DATAMOVER/GEN_MM2S_FULL.I_MM2S_FULL_WRAPPER/GEN_INCLUDE_MM2S_SF.I_RD_SF/I_DATA_FIFO/BLK_MEM.I_SYNC_FIFOGEN_FIFO/xpm_fifo_instance.xpm_fifo_sync_inst/xpm_fifo_base_inst'
Finished Sourcing Tcl File [C:/Xilinx/Vivado/2018.2/data/ip/xpm/xpm_fifo/tcl/xpm_fifo_rst.tcl] for cell 'hdmi_out_i/axi_vdma_0/U0/I_PRMRY_DATAMOVER/GEN_MM2S_FULL.I_MM2S_FULL_WRAPPER/GEN_INCLUDE_MM2S_SF.I_RD_SF/I_DATA_FIFO/BLK_MEM.I_SYNC_FIFOGEN_FIFO/xpm_fifo_instance.xpm_fifo_sync_inst/xpm_fifo_base_inst'
Sourcing Tcl File [C:/Xilinx/Vivado/2018.2/data/ip/xpm/xpm_fifo/tcl/xpm_fifo_rst.tcl] for cell 'hdmi_out_i/v_axi4s_vid_out_0/inst/COUPLER_INST/generate_async_fifo.FIFO_INST/XPM_FIFO_ASYNC_INST/gnuram_async_fifo.xpm_fifo_base_inst'
Finished Sourcing Tcl File [C:/Xilinx/Vivado/2018.2/data/ip/xpm/xpm_fifo/tcl/xpm_fifo_rst.tcl] for cell 'hdmi_out_i/v_axi4s_vid_out_0/inst/COUPLER_INST/generate_async_fifo.FIFO_INST/XPM_FIFO_ASYNC_INST/gnuram_async_fifo.xpm_fifo_base_inst'
INFO: [Opt 31-138] Pushed 0 inverter(s) to 0 load pin(s).
INFO: [Project 1-111] Unisim Transformation Summary:
  A total of 15 instances were transformed.
  IOBUF => IOBUF (IBUF, OBUFT): 4 instances
  RAM32M => RAM32M (RAMD32, RAMD32, RAMD32, RAMD32, RAMD32, RAMD32, RAMS32, RAMS32): 10 instances
  RAM32X1D => RAM32X1D (RAMD32, RAMD32): 1 instances

33 Infos, 8 Warnings, 8 Critical Warnings and 0 Errors encountered.
link_design completed successfully
link_design: Time (s): cpu = 00:00:23 ; elapsed = 00:00:28 . Memory (MB): peak = 1267.539 ; gain = 949.289
Command: opt_design -directive RuntimeOptimized
INFO: [Vivado_Tcl 4-136] Directive used for opt_design is: RuntimeOptimized
Attempting to get a license for feature 'Implementation' and/or device 'xc7z010'
INFO: [Common 17-349] Got license for feature 'Implementation' and/or device 'xc7z010'
Running DRC as a precondition to command opt_design

Starting DRC Task
INFO: [DRC 23-27] Running DRC with 2 threads
INFO: [Project 1-461] DRC finished with 0 Errors
INFO: [Project 1-462] Please refer to the DRC report (report_drc) for more information.

Time (s): cpu = 00:00:01 ; elapsed = 00:00:00.897 . Memory (MB): peak = 1267.539 ; gain = 0.000

Starting Logic Optimization Task
INFO: [Timing 38-35] Done setting XDC timing constraints.

Phase 1 Retarget
INFO: [Opt 31-138] Pushed 1 inverter(s) to 4 load pin(s).
INFO: [Opt 31-49] Retargeted 0 cell(s).
Phase 1 Retarget | Checksum: 1b1979b69

Time (s): cpu = 00:00:03 ; elapsed = 00:00:02 . Memory (MB): peak = 1267.539 ; gain = 0.000
INFO: [Opt 31-389] Phase Retarget created 0 cells and removed 0 cells

Phase 2 Constant propagation
INFO: [Opt 31-138] Pushed 0 inverter(s) to 0 load pin(s).
Phase 2 Constant propagation | Checksum: 136d6204e

Time (s): cpu = 00:00:03 ; elapsed = 00:00:02 . Memory (MB): peak = 1267.539 ; gain = 0.000
INFO: [Opt 31-389] Phase Constant propagation created 47 cells and removed 616 cells

Phase 3 Sweep
Phase 3 Sweep | Checksum: 173e536b2

Time (s): cpu = 00:00:04 ; elapsed = 00:00:03 . Memory (MB): peak = 1267.539 ; gain = 0.000
INFO: [Opt 31-389] Phase Sweep created 0 cells and removed 1438 cells

Phase 4 BUFG optimization
Phase 4 BUFG optimization | Checksum: 173e536b2

Time (s): cpu = 00:00:04 ; elapsed = 00:00:04 . Memory (MB): peak = 1267.539 ; gain = 0.000
INFO: [Opt 31-662] Phase BUFG optimization created 0 cells of which 0 are BUFGs and removed 0 cells.

Phase 5 Shift Register Optimization
Phase 5 Shift Register Optimization | Checksum: 89484b6d

Time (s): cpu = 00:00:05 ; elapsed = 00:00:04 . Memory (MB): peak = 1267.539 ; gain = 0.000
INFO: [Opt 31-389] Phase Shift Register Optimization created 0 cells and removed 0 cells

Phase 6 Post Processing Netlist
Phase 6 Post Processing Netlist | Checksum: 89484b6d

Time (s): cpu = 00:00:05 ; elapsed = 00:00:05 . Memory (MB): peak = 1267.539 ; gain = 0.000
INFO: [Opt 31-389] Phase Post Processing Netlist created 0 cells and removed 0 cells

Starting Connectivity Check Task

Time (s): cpu = 00:00:00 ; elapsed = 00:00:00.025 . Memory (MB): peak = 1267.539 ; gain = 0.000
Ending Logic Optimization Task | Checksum: 89484b6d

Time (s): cpu = 00:00:05 ; elapsed = 00:00:05 . Memory (MB): peak = 1267.539 ; gain = 0.000
INFO: [Common 17-83] Releasing license: Implementation
49 Infos, 8 Warnings, 8 Critical Warnings and 0 Errors encountered.
opt_design completed successfully
opt_design: Time (s): cpu = 00:00:07 ; elapsed = 00:00:06 . Memory (MB): peak = 1267.539 ; gain = 0.000
INFO: [Timing 38-480] Writing timing data to binary archive.
Writing placer database...
Writing XDEF routing.
Writing XDEF routing logical nets.
Writing XDEF routing special nets.
Write XDEF Complete: Time (s): cpu = 00:00:00 ; elapsed = 00:00:00.074 . Memory (MB): peak = 1267.539 ; gain = 0.000
INFO: [Common 17-1381] The checkpoint 'C:/Git/slime/hdmi-out.runs/impl_1/hdmi_out_wrapper_opt.dcp' has been generated.
INFO: [runtcl-4] Executing : report_drc -file hdmi_out_wrapper_drc_opted.rpt -pb hdmi_out_wrapper_drc_opted.pb -rpx hdmi_out_wrapper_drc_opted.rpx
Command: report_drc -file hdmi_out_wrapper_drc_opted.rpt -pb hdmi_out_wrapper_drc_opted.pb -rpx hdmi_out_wrapper_drc_opted.rpx
INFO: [DRC 23-27] Running DRC with 2 threads
INFO: [Coretcl 2-168] The results of DRC are in file C:/Git/slime/hdmi-out.runs/impl_1/hdmi_out_wrapper_drc_opted.rpt.
report_drc completed successfully
Command: place_design -directive RuntimeOptimized
Attempting to get a license for feature 'Implementation' and/or device 'xc7z010'
INFO: [Common 17-349] Got license for feature 'Implementation' and/or device 'xc7z010'
INFO: [DRC 23-27] Running DRC with 2 threads
INFO: [Vivado_Tcl 4-198] DRC finished with 0 Errors
INFO: [Vivado_Tcl 4-199] Please refer to the DRC report (report_drc) for more information.
Running DRC as a precondition to command place_design
INFO: [DRC 23-27] Running DRC with 2 threads
WARNING: [DRC REQP-1839] RAMB36 async control check: The RAMB36E1 hdmi_out_i/axi_mem_intercon/s00_couplers/s00_data_fifo/inst/gen_fifo.fifo_gen_inst/inst_fifo_gen/gaxi_full_lite.gread_ch.grdch2.axi_rdch/grf.rf/gntv_or_sync_fifo.mem/gbm.gbmg.gbmga.ngecc.bmg/inst_blk_mem_gen/gnbram.gnativebmg.native_blk_mem_gen/valid.cstr/ramloop[0].ram.r/prim_noinit.ram/DEVICE_7SERIES.NO_BMM_INFO.SDP.WIDE_PRIM36_NO_ECC.ram has an input control pin hdmi_out_i/axi_mem_intercon/s00_couplers/s00_data_fifo/inst/gen_fifo.fifo_gen_inst/inst_fifo_gen/gaxi_full_lite.gread_ch.grdch2.axi_rdch/grf.rf/gntv_or_sync_fifo.mem/gbm.gbmg.gbmga.ngecc.bmg/inst_blk_mem_gen/gnbram.gnativebmg.native_blk_mem_gen/valid.cstr/ramloop[0].ram.r/prim_noinit.ram/DEVICE_7SERIES.NO_BMM_INFO.SDP.WIDE_PRIM36_NO_ECC.ram/ENARDEN (net: hdmi_out_i/axi_mem_intercon/s00_couplers/s00_data_fifo/inst/gen_fifo.fifo_gen_inst/inst_fifo_gen/gaxi_full_lite.gread_ch.grdch2.axi_rdch/grf.rf/gntv_or_sync_fifo.mem/gbm.gbmg.gbmga.ngecc.bmg/inst_blk_mem_gen/gnbram.gnativebmg.native_blk_mem_gen/valid.cstr/ramloop[0].ram.r/prim_noinit.ram/ENB_I) which is driven by a register (hdmi_out_i/axi_mem_intercon/s00_couplers/auto_pc/inst/gen_axi4_axi3.axi3_conv_inst/USE_READ.USE_SPLIT_R.read_addr_inst/USE_R_CHANNEL.cmd_queue/inst/fifo_gen_inst/inst_fifo_gen/gconvfifo.rf/grf.rf/gntv_or_sync_fifo.gl0.rd/gr1.gr1_int.rfwft/empty_fwft_i_reg) that has an active asychronous set or reset. This may cause corruption of the memory contents and/or read values when the set/reset is asserted and is not analyzed by the default static timing analysis. It is suggested to eliminate the use of a set/reset to registers driving this RAMB pin or else use a synchronous reset in which the assertion of the reset is timed by default.
WARNING: [DRC REQP-1839] RAMB36 async control check: The RAMB36E1 hdmi_out_i/axi_vdma_0/U0/I_PRMRY_DATAMOVER/GEN_MM2S_FULL.I_MM2S_FULL_WRAPPER/GEN_INCLUDE_MM2S_SF.I_RD_SF/I_DATA_FIFO/BLK_MEM.I_SYNC_FIFOGEN_FIFO/xpm_fifo_instance.xpm_fifo_sync_inst/xpm_fifo_base_inst/gen_sdpram.xpm_memory_base_inst/gen_wr_a.gen_word_narrow.mem_reg has an input control pin hdmi_out_i/axi_vdma_0/U0/I_PRMRY_DATAMOVER/GEN_MM2S_FULL.I_MM2S_FULL_WRAPPER/GEN_INCLUDE_MM2S_SF.I_RD_SF/I_DATA_FIFO/BLK_MEM.I_SYNC_FIFOGEN_FIFO/xpm_fifo_instance.xpm_fifo_sync_inst/xpm_fifo_base_inst/gen_sdpram.xpm_memory_base_inst/gen_wr_a.gen_word_narrow.mem_reg/ENARDEN (net: hdmi_out_i/axi_vdma_0/U0/I_PRMRY_DATAMOVER/GEN_MM2S_FULL.I_MM2S_FULL_WRAPPER/GEN_INCLUDE_MM2S_SF.I_RD_SF/I_DATA_FIFO/BLK_MEM.I_SYNC_FIFOGEN_FIFO/xpm_fifo_instance.xpm_fifo_sync_inst/xpm_fifo_base_inst/gen_sdpram.xpm_memory_base_inst/enb) which is driven by a register (hdmi_out_i/axi_vdma_0/U0/GEN_SPRT_FOR_MM2S.MM2S_LINEBUFFER_I/GEN_LINEBUF_NO_SOF.GEN_LINEBUFFER.GEN_ASYNC_FIFO.LB_BUILT_IN.I_LINEBUFFER_FIFO/fg_builtin_fifo_inst/inst_fifo_gen/gconvfifo.rf/gbi.bi/g7ser_birst.rstbt/rsync.ric.rd_rst_reg_reg) that has an active asychronous set or reset. This may cause corruption of the memory contents and/or read values when the set/reset is asserted and is not analyzed by the default static timing analysis. It is suggested to eliminate the use of a set/reset to registers driving this RAMB pin or else use a synchronous reset in which the assertion of the reset is timed by default.
INFO: [Vivado_Tcl 4-198] DRC finished with 0 Errors, 2 Warnings
INFO: [Vivado_Tcl 4-199] Please refer to the DRC report (report_drc) for more information.

Starting Placer Task
INFO: [Place 46-5] The placer was invoked with the 'RuntimeOptimized' directive.
INFO: [Place 30-611] Multithreading enabled for place_design using a maximum of 2 CPUs

Phase 1 Placer Initialization

Phase 1.1 Placer Initialization Netlist Sorting
Netlist sorting complete. Time (s): cpu = 00:00:00 ; elapsed = 00:00:00.027 . Memory (MB): peak = 1267.539 ; gain = 0.000
Phase 1.1 Placer Initialization Netlist Sorting | Checksum: 4b068fc2

Time (s): cpu = 00:00:00 ; elapsed = 00:00:00.055 . Memory (MB): peak = 1267.539 ; gain = 0.000
Netlist sorting complete. Time (s): cpu = 00:00:00 ; elapsed = 00:00:00.026 . Memory (MB): peak = 1267.539 ; gain = 0.000

Phase 1.2 IO Placement/ Clock Placement/ Build Placer Device
INFO: [Timing 38-35] Done setting XDC timing constraints.
Phase 1.2 IO Placement/ Clock Placement/ Build Placer Device | Checksum: 160e1557b

Time (s): cpu = 00:00:03 ; elapsed = 00:00:03 . Memory (MB): peak = 1267.539 ; gain = 0.000

Phase 1.3 Build Placer Netlist Model
Phase 1.3 Build Placer Netlist Model | Checksum: 222a15296

Time (s): cpu = 00:00:06 ; elapsed = 00:00:05 . Memory (MB): peak = 1284.602 ; gain = 17.062

Phase 1.4 Constrain Clocks/Macros
Phase 1.4 Constrain Clocks/Macros | Checksum: 222a15296

Time (s): cpu = 00:00:06 ; elapsed = 00:00:05 . Memory (MB): peak = 1284.602 ; gain = 17.062
Phase 1 Placer Initialization | Checksum: 222a15296

Time (s): cpu = 00:00:06 ; elapsed = 00:00:05 . Memory (MB): peak = 1284.602 ; gain = 17.062

Phase 2 Global Placement

Phase 2.1 Floorplanning
Phase 2.1 Floorplanning | Checksum: 250ef6439

Time (s): cpu = 00:00:07 ; elapsed = 00:00:05 . Memory (MB): peak = 1284.602 ; gain = 17.062
Phase 2 Global Placement | Checksum: 23b847aa3

Time (s): cpu = 00:00:15 ; elapsed = 00:00:10 . Memory (MB): peak = 1284.602 ; gain = 17.062

Phase 3 Detail Placement

Phase 3.1 Commit Multi Column Macros
Phase 3.1 Commit Multi Column Macros | Checksum: 23b847aa3

Time (s): cpu = 00:00:15 ; elapsed = 00:00:10 . Memory (MB): peak = 1284.602 ; gain = 17.062

Phase 3.2 Commit Most Macros & LUTRAMs
Phase 3.2 Commit Most Macros & LUTRAMs | Checksum: 190819005

Time (s): cpu = 00:00:16 ; elapsed = 00:00:11 . Memory (MB): peak = 1284.602 ; gain = 17.062

Phase 3.3 Area Swap Optimization
Phase 3.3 Area Swap Optimization | Checksum: 20d4efa7c

Time (s): cpu = 00:00:16 ; elapsed = 00:00:11 . Memory (MB): peak = 1284.602 ; gain = 17.062

Phase 3.4 Pipeline Register Optimization
Phase 3.4 Pipeline Register Optimization | Checksum: 1d1915cb0

Time (s): cpu = 00:00:16 ; elapsed = 00:00:11 . Memory (MB): peak = 1284.602 ; gain = 17.062

Phase 3.5 Small Shape Detail Placement
Phase 3.5 Small Shape Detail Placement | Checksum: 22ec33d3d

Time (s): cpu = 00:00:19 ; elapsed = 00:00:14 . Memory (MB): peak = 1284.602 ; gain = 17.062

Phase 3.6 Re-assign LUT pins
Phase 3.6 Re-assign LUT pins | Checksum: 1fbd88a60

Time (s): cpu = 00:00:19 ; elapsed = 00:00:14 . Memory (MB): peak = 1284.602 ; gain = 17.062

Phase 3.7 Pipeline Register Optimization
Phase 3.7 Pipeline Register Optimization | Checksum: 1fbd88a60

Time (s): cpu = 00:00:19 ; elapsed = 00:00:14 . Memory (MB): peak = 1284.602 ; gain = 17.062
Phase 3 Detail Placement | Checksum: 1fbd88a60

Time (s): cpu = 00:00:19 ; elapsed = 00:00:14 . Memory (MB): peak = 1284.602 ; gain = 17.062

Phase 4 Post Placement Optimization and Clean-Up

Phase 4.1 Post Commit Optimization
INFO: [Timing 38-35] Done setting XDC timing constraints.

Phase 4.1.1 Post Placement Optimization
Post Placement Optimization Initialization | Checksum: 1f3316535

Phase 4.1.1.1 BUFG Insertion
INFO: [Place 46-33] Processed net hdmi_out_i/v_tc_0/U0/U_VIDEO_CTRL/GEN_HAS_IRQ.irq_i_1_n_0, BUFG insertion was skipped due to placement/routing conflicts.
INFO: [Place 46-31] BUFG insertion identified 1 candidate nets, 0 success, 1 skipped for placement/routing, 0 skipped for timing, 0 skipped for netlist change reason.
Phase 4.1.1.1 BUFG Insertion | Checksum: 1f3316535

Time (s): cpu = 00:00:22 ; elapsed = 00:00:16 . Memory (MB): peak = 1318.422 ; gain = 50.883
INFO: [Place 30-746] Post Placement Timing Summary WNS=0.537. For the most accurate timing information please run report_timing.
Phase 4.1.1 Post Placement Optimization | Checksum: 1ca1fcac9

Time (s): cpu = 00:00:22 ; elapsed = 00:00:16 . Memory (MB): peak = 1318.422 ; gain = 50.883
Phase 4.1 Post Commit Optimization | Checksum: 1ca1fcac9

Time (s): cpu = 00:00:22 ; elapsed = 00:00:16 . Memory (MB): peak = 1318.422 ; gain = 50.883

Phase 4.2 Post Placement Cleanup
Phase 4.2 Post Placement Cleanup | Checksum: 1ca1fcac9

Time (s): cpu = 00:00:22 ; elapsed = 00:00:16 . Memory (MB): peak = 1318.422 ; gain = 50.883

Phase 4.3 Placer Reporting
Phase 4.3 Placer Reporting | Checksum: 1ca1fcac9

Time (s): cpu = 00:00:22 ; elapsed = 00:00:17 . Memory (MB): peak = 1318.422 ; gain = 50.883

Phase 4.4 Final Placement Cleanup
Phase 4.4 Final Placement Cleanup | Checksum: 1c57d0ca0

Time (s): cpu = 00:00:22 ; elapsed = 00:00:17 . Memory (MB): peak = 1318.422 ; gain = 50.883
Phase 4 Post Placement Optimization and Clean-Up | Checksum: 1c57d0ca0

Time (s): cpu = 00:00:23 ; elapsed = 00:00:17 . Memory (MB): peak = 1318.422 ; gain = 50.883
Ending Placer Task | Checksum: 109c649ef

Time (s): cpu = 00:00:23 ; elapsed = 00:00:17 . Memory (MB): peak = 1318.422 ; gain = 50.883
INFO: [Common 17-83] Releasing license: Implementation
69 Infos, 10 Warnings, 8 Critical Warnings and 0 Errors encountered.
place_design completed successfully
place_design: Time (s): cpu = 00:00:26 ; elapsed = 00:00:18 . Memory (MB): peak = 1318.422 ; gain = 50.883
INFO: [Timing 38-480] Writing timing data to binary archive.
Writing placer database...
Writing XDEF routing.
Writing XDEF routing logical nets.
Writing XDEF routing special nets.
Write XDEF Complete: Time (s): cpu = 00:00:02 ; elapsed = 00:00:00.896 . Memory (MB): peak = 1327.055 ; gain = 8.633
INFO: [Common 17-1381] The checkpoint 'C:/Git/slime/hdmi-out.runs/impl_1/hdmi_out_wrapper_placed.dcp' has been generated.
INFO: [runtcl-4] Executing : report_io -file hdmi_out_wrapper_io_placed.rpt
report_io: Time (s): cpu = 00:00:00 ; elapsed = 00:00:00.068 . Memory (MB): peak = 1327.055 ; gain = 0.000
INFO: [runtcl-4] Executing : report_utilization -file hdmi_out_wrapper_utilization_placed.rpt -pb hdmi_out_wrapper_utilization_placed.pb
report_utilization: Time (s): cpu = 00:00:00 ; elapsed = 00:00:00.144 . Memory (MB): peak = 1327.055 ; gain = 0.000
INFO: [runtcl-4] Executing : report_control_sets -verbose -file hdmi_out_wrapper_control_sets_placed.rpt
report_control_sets: Time (s): cpu = 00:00:00 ; elapsed = 00:00:00.071 . Memory (MB): peak = 1327.055 ; gain = 0.000
Command: route_design -directive RuntimeOptimized
Attempting to get a license for feature 'Implementation' and/or device 'xc7z010'
INFO: [Common 17-349] Got license for feature 'Implementation' and/or device 'xc7z010'
Running DRC as a precondition to command route_design
INFO: [DRC 23-27] Running DRC with 2 threads
INFO: [Vivado_Tcl 4-198] DRC finished with 0 Errors
INFO: [Vivado_Tcl 4-199] Please refer to the DRC report (report_drc) for more information.


Starting Routing Task
INFO: [Route 35-270] Using Router directive 'RuntimeOptimized'.
INFO: [Route 35-254] Multithreading enabled for route_design using a maximum of 2 CPUs
Checksum: PlaceDB: 6b1fd408 ConstDB: 0 ShapeSum: 9ea675e7 RouteDB: 0

Phase 1 Build RT Design
Phase 1 Build RT Design | Checksum: 104793564

Time (s): cpu = 00:00:14 ; elapsed = 00:00:12 . Memory (MB): peak = 1361.906 ; gain = 34.852
Post Restoration Checksum: NetGraph: bf305d60 NumContArr: 4548d804 Constraints: 0 Timing: 0

Phase 2 Router Initialization

Phase 2.1 Create Timer
Phase 2.1 Create Timer | Checksum: 104793564

Time (s): cpu = 00:00:15 ; elapsed = 00:00:12 . Memory (MB): peak = 1361.906 ; gain = 34.852

Phase 2.2 Fix Topology Constraints
Phase 2.2 Fix Topology Constraints | Checksum: 104793564

Time (s): cpu = 00:00:15 ; elapsed = 00:00:12 . Memory (MB): peak = 1367.953 ; gain = 40.898

Phase 2.3 Pre Route Cleanup
Phase 2.3 Pre Route Cleanup | Checksum: 104793564

Time (s): cpu = 00:00:15 ; elapsed = 00:00:12 . Memory (MB): peak = 1367.953 ; gain = 40.898
 Number of Nodes with overlaps = 0

Phase 2.4 Update Timing
Phase 2.4 Update Timing | Checksum: 12483e118

Time (s): cpu = 00:00:18 ; elapsed = 00:00:14 . Memory (MB): peak = 1384.508 ; gain = 57.453
INFO: [Route 35-416] Intermediate Timing Summary | WNS=0.532  | TNS=0.000  | WHS=-0.273 | THS=-122.388|


Phase 2.5 Update Timing for Bus Skew

Phase 2.5.1 Update Timing
Phase 2.5.1 Update Timing | Checksum: 100ce1f06

Time (s): cpu = 00:00:20 ; elapsed = 00:00:16 . Memory (MB): peak = 1391.664 ; gain = 64.609
INFO: [Route 35-416] Intermediate Timing Summary | WNS=0.532  | TNS=0.000  | WHS=N/A    | THS=N/A    |

Phase 2.5 Update Timing for Bus Skew | Checksum: b5343911

Time (s): cpu = 00:00:20 ; elapsed = 00:00:16 . Memory (MB): peak = 1405.754 ; gain = 78.699
Phase 2 Router Initialization | Checksum: e3b99f2e

Time (s): cpu = 00:00:20 ; elapsed = 00:00:16 . Memory (MB): peak = 1405.754 ; gain = 78.699

Phase 3 Initial Routing
Phase 3 Initial Routing | Checksum: 16868b9cc

Time (s): cpu = 00:00:22 ; elapsed = 00:00:17 . Memory (MB): peak = 1405.754 ; gain = 78.699

Phase 4 Rip-up And Reroute

Phase 4.1 Global Iteration 0
 Number of Nodes with overlaps = 597
 Number of Nodes with overlaps = 34
 Number of Nodes with overlaps = 6
 Number of Nodes with overlaps = 4
 Number of Nodes with overlaps = 2
 Number of Nodes with overlaps = 0
INFO: [Route 35-416] Intermediate Timing Summary | WNS=0.582  | TNS=0.000  | WHS=N/A    | THS=N/A    |

Phase 4.1 Global Iteration 0 | Checksum: 26601a925

Time (s): cpu = 00:00:27 ; elapsed = 00:00:20 . Memory (MB): peak = 1405.754 ; gain = 78.699

Phase 4.2 Global Iteration 1
 Number of Nodes with overlaps = 3
 Number of Nodes with overlaps = 0
INFO: [Route 35-416] Intermediate Timing Summary | WNS=0.582  | TNS=0.000  | WHS=N/A    | THS=N/A    |

Phase 4.2 Global Iteration 1 | Checksum: b8233e75

Time (s): cpu = 00:00:27 ; elapsed = 00:00:20 . Memory (MB): peak = 1405.754 ; gain = 78.699
Phase 4 Rip-up And Reroute | Checksum: b8233e75

Time (s): cpu = 00:00:27 ; elapsed = 00:00:20 . Memory (MB): peak = 1405.754 ; gain = 78.699

Phase 5 Delay and Skew Optimization

Phase 5.1 Delay CleanUp
Phase 5.1 Delay CleanUp | Checksum: b8233e75

Time (s): cpu = 00:00:27 ; elapsed = 00:00:20 . Memory (MB): peak = 1405.754 ; gain = 78.699

Phase 5.2 Clock Skew Optimization
Phase 5.2 Clock Skew Optimization | Checksum: b8233e75

Time (s): cpu = 00:00:27 ; elapsed = 00:00:20 . Memory (MB): peak = 1405.754 ; gain = 78.699
Phase 5 Delay and Skew Optimization | Checksum: b8233e75

Time (s): cpu = 00:00:27 ; elapsed = 00:00:20 . Memory (MB): peak = 1405.754 ; gain = 78.699

Phase 6 Post Hold Fix

Phase 6.1 Hold Fix Iter

Phase 6.1.1 Update Timing
Phase 6.1.1 Update Timing | Checksum: 175dbd0d1

Time (s): cpu = 00:00:28 ; elapsed = 00:00:20 . Memory (MB): peak = 1405.754 ; gain = 78.699
INFO: [Route 35-416] Intermediate Timing Summary | WNS=0.733  | TNS=0.000  | WHS=0.022  | THS=0.000  |

Phase 6.1 Hold Fix Iter | Checksum: fc8f3f7e

Time (s): cpu = 00:00:28 ; elapsed = 00:00:20 . Memory (MB): peak = 1405.754 ; gain = 78.699
Phase 6 Post Hold Fix | Checksum: fc8f3f7e

Time (s): cpu = 00:00:28 ; elapsed = 00:00:20 . Memory (MB): peak = 1405.754 ; gain = 78.699

Phase 7 Route finalize

Router Utilization Summary
  Global Vertical Routing Utilization    = 4.04068 %
  Global Horizontal Routing Utilization  = 4.80101 %
  Routable Net Status*
  *Does not include unroutable nets such as driverless and loadless.
  Run report_route_status for detailed report.
  Number of Failed Nets               = 0
  Number of Unrouted Nets             = 0
  Number of Partially Routed Nets     = 0
  Number of Node Overlaps             = 0

Phase 7 Route finalize | Checksum: c5331189

Time (s): cpu = 00:00:28 ; elapsed = 00:00:20 . Memory (MB): peak = 1405.754 ; gain = 78.699

Phase 8 Verifying routed nets

 Verification completed successfully
Phase 8 Verifying routed nets | Checksum: c5331189

Time (s): cpu = 00:00:28 ; elapsed = 00:00:21 . Memory (MB): peak = 1405.754 ; gain = 78.699

Phase 9 Depositing Routes
Phase 9 Depositing Routes | Checksum: 12a4afdfe

Time (s): cpu = 00:00:29 ; elapsed = 00:00:21 . Memory (MB): peak = 1405.754 ; gain = 78.699

Phase 10 Post Router Timing
INFO: [Route 35-57] Estimated Timing Summary | WNS=0.733  | TNS=0.000  | WHS=0.022  | THS=0.000  |

INFO: [Route 35-327] The final timing numbers are based on the router estimated timing analysis. For a complete and accurate timing signoff, please run report_timing_summary.
Phase 10 Post Router Timing | Checksum: 12a4afdfe

Time (s): cpu = 00:00:29 ; elapsed = 00:00:21 . Memory (MB): peak = 1405.754 ; gain = 78.699
INFO: [Route 35-16] Router Completed Successfully

Time (s): cpu = 00:00:29 ; elapsed = 00:00:21 . Memory (MB): peak = 1405.754 ; gain = 78.699

Routing Is Done.
INFO: [Common 17-83] Releasing license: Implementation
89 Infos, 10 Warnings, 8 Critical Warnings and 0 Errors encountered.
route_design completed successfully
route_design: Time (s): cpu = 00:00:33 ; elapsed = 00:00:24 . Memory (MB): peak = 1405.754 ; gain = 78.699
INFO: [Timing 38-480] Writing timing data to binary archive.
Writing placer database...
Writing XDEF routing.
Writing XDEF routing logical nets.
Writing XDEF routing special nets.
Write XDEF Complete: Time (s): cpu = 00:00:04 ; elapsed = 00:00:01 . Memory (MB): peak = 1405.754 ; gain = 0.000
INFO: [Common 17-1381] The checkpoint 'C:/Git/slime/hdmi-out.runs/impl_1/hdmi_out_wrapper_routed.dcp' has been generated.
INFO: [runtcl-4] Executing : report_drc -file hdmi_out_wrapper_drc_routed.rpt -pb hdmi_out_wrapper_drc_routed.pb -rpx hdmi_out_wrapper_drc_routed.rpx
Command: report_drc -file hdmi_out_wrapper_drc_routed.rpt -pb hdmi_out_wrapper_drc_routed.pb -rpx hdmi_out_wrapper_drc_routed.rpx
INFO: [DRC 23-27] Running DRC with 2 threads
INFO: [Coretcl 2-168] The results of DRC are in file C:/Git/slime/hdmi-out.runs/impl_1/hdmi_out_wrapper_drc_routed.rpt.
report_drc completed successfully
INFO: [runtcl-4] Executing : report_methodology -file hdmi_out_wrapper_methodology_drc_routed.rpt -pb hdmi_out_wrapper_methodology_drc_routed.pb -rpx hdmi_out_wrapper_methodology_drc_routed.rpx
Command: report_methodology -file hdmi_out_wrapper_methodology_drc_routed.rpt -pb hdmi_out_wrapper_methodology_drc_routed.pb -rpx hdmi_out_wrapper_methodology_drc_routed.rpx
INFO: [Timing 38-35] Done setting XDC timing constraints.
INFO: [Timing 38-35] Done setting XDC timing constraints.
INFO: [DRC 23-133] Running Methodology with 2 threads
INFO: [Coretcl 2-1520] The results of Report Methodology are in file C:/Git/slime/hdmi-out.runs/impl_1/hdmi_out_wrapper_methodology_drc_routed.rpt.
report_methodology completed successfully
INFO: [runtcl-4] Executing : report_power -file hdmi_out_wrapper_power_routed.rpt -pb hdmi_out_wrapper_power_summary_routed.pb -rpx hdmi_out_wrapper_power_routed.rpx
Command: report_power -file hdmi_out_wrapper_power_routed.rpt -pb hdmi_out_wrapper_power_summary_routed.pb -rpx hdmi_out_wrapper_power_routed.rpx
INFO: [Timing 38-35] Done setting XDC timing constraints.
Running Vector-less Activity Propagation...

Finished Running Vector-less Activity Propagation
WARNING: [Power 33-332] Found switching activity that implies high-fanout reset nets being asserted for excessive periods of time which may result in inaccurate power analysis.
Resolution: To review and fix problems, please run Power Constraints Advisor in the GUI from Tools > Power Constraints Advisor or run report_power with the -advisory option to generate a text report.
101 Infos, 11 Warnings, 8 Critical Warnings and 0 Errors encountered.
report_power completed successfully
INFO: [runtcl-4] Executing : report_route_status -file hdmi_out_wrapper_route_status.rpt -pb hdmi_out_wrapper_route_status.pb
INFO: [runtcl-4] Executing : report_timing_summary -max_paths 10 -file hdmi_out_wrapper_timing_summary_routed.rpt -pb hdmi_out_wrapper_timing_summary_routed.pb -rpx hdmi_out_wrapper_timing_summary_routed.rpx -warn_on_violation 
INFO: [Timing 38-91] UpdateTimingParams: Speed grade: -1, Delay Type: min_max, Timing Stage: Requireds.
INFO: [Timing 38-191] Multithreading enabled for timing update using a maximum of 2 CPUs
WARNING: [Timing 38-436] There are set_bus_skew constraint(s) in this design. Please run report_bus_skew to ensure that bus skew requirements are met.
INFO: [runtcl-4] Executing : report_incremental_reuse -file hdmi_out_wrapper_incremental_reuse_routed.rpt
INFO: [Vivado_Tcl 4-545] No incremental reuse to report, no incremental placement and routing data was found.
INFO: [runtcl-4] Executing : report_clock_utilization -file hdmi_out_wrapper_clock_utilization_routed.rpt
INFO: [runtcl-4] Executing : report_bus_skew -warn_on_violation -file hdmi_out_wrapper_bus_skew_routed.rpt -pb hdmi_out_wrapper_bus_skew_routed.pb -rpx hdmi_out_wrapper_bus_skew_routed.rpx
INFO: [Timing 38-91] UpdateTimingParams: Speed grade: -1, Delay Type: min_max, Timing Stage: Requireds.
INFO: [Timing 38-191] Multithreading enabled for timing update using a maximum of 2 CPUs
INFO: [Memdata 28-208] The XPM instance: <hdmi_out_i/v_axi4s_vid_out_0/inst/COUPLER_INST/generate_async_fifo.FIFO_INST/XPM_FIFO_ASYNC_INST/gnuram_async_fifo.xpm_fifo_base_inst/gen_sdpram.xpm_memory_base_inst> is part of IP: <hdmi_out_i/v_axi4s_vid_out_0>. This XPM instance will be excluded from the .mmi because updatemem is prohibited from making changes to an XPM that is part of an IP.
INFO: [Memdata 28-208] The XPM instance: <hdmi_out_i/axi_vdma_0/U0/I_PRMRY_DATAMOVER/GEN_MM2S_FULL.I_MM2S_FULL_WRAPPER/GEN_INCLUDE_MM2S_SF.I_RD_SF/I_DATA_FIFO/BLK_MEM.I_SYNC_FIFOGEN_FIFO/xpm_fifo_instance.xpm_fifo_sync_inst/xpm_fifo_base_inst/gen_sdpram.xpm_memory_base_inst> is part of IP: <hdmi_out_i/axi_vdma_0>. This XPM instance will be excluded from the .mmi because updatemem is prohibited from making changes to an XPM that is part of an IP.
Command: write_bitstream -force hdmi_out_wrapper.bit
Attempting to get a license for feature 'Implementation' and/or device 'xc7z010'
INFO: [Common 17-349] Got license for feature 'Implementation' and/or device 'xc7z010'
Running DRC as a precondition to command write_bitstream
INFO: [DRC 23-27] Running DRC with 2 threads
WARNING: [DRC REQP-1839] RAMB36 async control check: The RAMB36E1 hdmi_out_i/axi_mem_intercon/s00_couplers/s00_data_fifo/inst/gen_fifo.fifo_gen_inst/inst_fifo_gen/gaxi_full_lite.gread_ch.grdch2.axi_rdch/grf.rf/gntv_or_sync_fifo.mem/gbm.gbmg.gbmga.ngecc.bmg/inst_blk_mem_gen/gnbram.gnativebmg.native_blk_mem_gen/valid.cstr/ramloop[0].ram.r/prim_noinit.ram/DEVICE_7SERIES.NO_BMM_INFO.SDP.WIDE_PRIM36_NO_ECC.ram has an input control pin hdmi_out_i/axi_mem_intercon/s00_couplers/s00_data_fifo/inst/gen_fifo.fifo_gen_inst/inst_fifo_gen/gaxi_full_lite.gread_ch.grdch2.axi_rdch/grf.rf/gntv_or_sync_fifo.mem/gbm.gbmg.gbmga.ngecc.bmg/inst_blk_mem_gen/gnbram.gnativebmg.native_blk_mem_gen/valid.cstr/ramloop[0].ram.r/prim_noinit.ram/DEVICE_7SERIES.NO_BMM_INFO.SDP.WIDE_PRIM36_NO_ECC.ram/ENARDEN (net: hdmi_out_i/axi_mem_intercon/s00_couplers/s00_data_fifo/inst/gen_fifo.fifo_gen_inst/inst_fifo_gen/gaxi_full_lite.gread_ch.grdch2.axi_rdch/grf.rf/gntv_or_sync_fifo.mem/gbm.gbmg.gbmga.ngecc.bmg/inst_blk_mem_gen/gnbram.gnativebmg.native_blk_mem_gen/valid.cstr/ramloop[0].ram.r/prim_noinit.ram/ENB_I) which is driven by a register (hdmi_out_i/axi_mem_intercon/s00_couplers/auto_pc/inst/gen_axi4_axi3.axi3_conv_inst/USE_READ.USE_SPLIT_R.read_addr_inst/USE_R_CHANNEL.cmd_queue/inst/fifo_gen_inst/inst_fifo_gen/gconvfifo.rf/grf.rf/gntv_or_sync_fifo.gl0.rd/gr1.gr1_int.rfwft/empty_fwft_i_reg) that has an active asychronous set or reset. This may cause corruption of the memory contents and/or read values when the set/reset is asserted and is not analyzed by the default static timing analysis. It is suggested to eliminate the use of a set/reset to registers driving this RAMB pin or else use a synchronous reset in which the assertion of the reset is timed by default.
WARNING: [DRC REQP-1839] RAMB36 async control check: The RAMB36E1 hdmi_out_i/axi_vdma_0/U0/I_PRMRY_DATAMOVER/GEN_MM2S_FULL.I_MM2S_FULL_WRAPPER/GEN_INCLUDE_MM2S_SF.I_RD_SF/I_DATA_FIFO/BLK_MEM.I_SYNC_FIFOGEN_FIFO/xpm_fifo_instance.xpm_fifo_sync_inst/xpm_fifo_base_inst/gen_sdpram.xpm_memory_base_inst/gen_wr_a.gen_word_narrow.mem_reg has an input control pin hdmi_out_i/axi_vdma_0/U0/I_PRMRY_DATAMOVER/GEN_MM2S_FULL.I_MM2S_FULL_WRAPPER/GEN_INCLUDE_MM2S_SF.I_RD_SF/I_DATA_FIFO/BLK_MEM.I_SYNC_FIFOGEN_FIFO/xpm_fifo_instance.xpm_fifo_sync_inst/xpm_fifo_base_inst/gen_sdpram.xpm_memory_base_inst/gen_wr_a.gen_word_narrow.mem_reg/ENARDEN (net: hdmi_out_i/axi_vdma_0/U0/I_PRMRY_DATAMOVER/GEN_MM2S_FULL.I_MM2S_FULL_WRAPPER/GEN_INCLUDE_MM2S_SF.I_RD_SF/I_DATA_FIFO/BLK_MEM.I_SYNC_FIFOGEN_FIFO/xpm_fifo_instance.xpm_fifo_sync_inst/xpm_fifo_base_inst/gen_sdpram.xpm_memory_base_inst/enb) which is driven by a register (hdmi_out_i/axi_vdma_0/U0/GEN_SPRT_FOR_MM2S.MM2S_LINEBUFFER_I/GEN_LINEBUF_NO_SOF.GEN_LINEBUFFER.GEN_ASYNC_FIFO.LB_BUILT_IN.I_LINEBUFFER_FIFO/fg_builtin_fifo_inst/inst_fifo_gen/gconvfifo.rf/gbi.bi/g7ser_birst.rstbt/rsync.ric.rd_rst_reg_reg) that has an active asychronous set or reset. This may cause corruption of the memory contents and/or read values when the set/reset is asserted and is not analyzed by the default static timing analysis. It is suggested to eliminate the use of a set/reset to registers driving this RAMB pin or else use a synchronous reset in which the assertion of the reset is timed by default.
WARNING: [DRC RTSTAT-10] No routable loads: 15 net(s) have no routable loads. The problem bus(es) and/or net(s) are hdmi_out_i/axi_mem_intercon/s00_couplers/s00_data_fifo/inst/gen_fifo.fifo_gen_inst/inst_fifo_gen/gaxi_full_lite.gread_ch.grach2.axi_rach/grf.rf/gntv_or_sync_fifo.gl0.rd/gr1.gr1_int.rfwft/aempty_fwft_i, hdmi_out_i/axi_mem_intercon/s00_couplers/s00_data_fifo/inst/gen_fifo.fifo_gen_inst/inst_fifo_gen/gaxi_full_lite.gread_ch.grdch2.axi_rdch/grf.rf/gntv_or_sync_fifo.gl0.rd/gr1.gr1_int.rfwft/aempty_fwft_i, hdmi_out_i/axi_mem_intercon/s00_couplers/auto_pc/inst/gen_axi4_axi3.axi3_conv_inst/USE_READ.USE_SPLIT_R.read_addr_inst/USE_R_CHANNEL.cmd_queue/inst/fifo_gen_inst/inst_fifo_gen/gconvfifo.rf/grf.rf/gntv_or_sync_fifo.gl0.rd/gr1.gr1_int.rfwft/aempty_fwft_i, hdmi_out_i/axi_mem_intercon/s00_couplers/s00_data_fifo/inst/gen_fifo.fifo_gen_inst/inst_fifo_gen/gaxi_full_lite.gread_ch.grach2.axi_rach/grf.rf/gntv_or_sync_fifo.gl0.wr/gwss.wsts/ram_afull_fb, hdmi_out_i/axi_mem_intercon/s00_couplers/auto_pc/inst/gen_axi4_axi3.axi3_conv_inst/USE_READ.USE_SPLIT_R.read_addr_inst/USE_R_CHANNEL.cmd_queue/inst/fifo_gen_inst/inst_fifo_gen/gconvfifo.rf/grf.rf/gntv_or_sync_fifo.gl0.wr/gwss.wsts/ram_afull_fb, hdmi_out_i/axi_mem_intercon/s00_couplers/s00_data_fifo/inst/gen_fifo.fifo_gen_inst/inst_fifo_gen/gaxi_full_lite.gread_ch.grdch2.axi_rdch/grf.rf/gntv_or_sync_fifo.gl0.wr/gwss.wsts/ram_afull_fb, hdmi_out_i/axi_mem_intercon/s00_couplers/s00_data_fifo/inst/gen_fifo.fifo_gen_inst/inst_fifo_gen/gaxi_full_lite.gread_ch.grach2.axi_rach/grf.rf/gntv_or_sync_fifo.gl0.wr/gwss.wsts/ram_afull_i, hdmi_out_i/axi_mem_intercon/s00_couplers/auto_pc/inst/gen_axi4_axi3.axi3_conv_inst/USE_READ.USE_SPLIT_R.read_addr_inst/USE_R_CHANNEL.cmd_queue/inst/fifo_gen_inst/inst_fifo_gen/gconvfifo.rf/grf.rf/gntv_or_sync_fifo.gl0.wr/gwss.wsts/ram_afull_i, hdmi_out_i/axi_mem_intercon/s00_couplers/s00_data_fifo/inst/gen_fifo.fifo_gen_inst/inst_fifo_gen/gaxi_full_lite.gread_ch.grdch2.axi_rdch/grf.rf/gntv_or_sync_fifo.gl0.wr/gwss.wsts/ram_afull_i, hdmi_out_i/axi_mem_intercon/s00_couplers/s00_data_fifo/inst/gen_fifo.fifo_gen_inst/inst_fifo_gen/gaxi_full_lite.gread_ch.grdch2.axi_rdch/grf.rf/gntv_or_sync_fifo.gl0.rd/grss.rsts/ram_empty_i, hdmi_out_i/axi_mem_intercon/s00_couplers/s00_data_fifo/inst/gen_fifo.fifo_gen_inst/inst_fifo_gen/gaxi_full_lite.gread_ch.grach2.axi_rach/grf.rf/gntv_or_sync_fifo.gl0.rd/grss.rsts/ram_empty_i, hdmi_out_i/axi_mem_intercon/s00_couplers/auto_pc/inst/gen_axi4_axi3.axi3_conv_inst/USE_READ.USE_SPLIT_R.read_addr_inst/USE_R_CHANNEL.cmd_queue/inst/fifo_gen_inst/inst_fifo_gen/gconvfifo.rf/grf.rf/gntv_or_sync_fifo.gl0.rd/grss.rsts/ram_empty_i, hdmi_out_i/axi_mem_intercon/s00_couplers/s00_data_fifo/inst/gen_fifo.fifo_gen_inst/inst_fifo_gen/gaxi_full_lite.gread_ch.grach2.axi_rach/grf.rf/gntv_or_sync_fifo.gl0.rd/gr1.gr1_int.rfwft/user_valid, hdmi_out_i/axi_mem_intercon/s00_couplers/s00_data_fifo/inst/gen_fifo.fifo_gen_inst/inst_fifo_gen/gaxi_full_lite.gread_ch.grdch2.axi_rdch/grf.rf/gntv_or_sync_fifo.gl0.rd/gr1.gr1_int.rfwft/user_valid, and hdmi_out_i/axi_mem_intercon/s00_couplers/auto_pc/inst/gen_axi4_axi3.axi3_conv_inst/USE_READ.USE_SPLIT_R.read_addr_inst/USE_R_CHANNEL.cmd_queue/inst/fifo_gen_inst/inst_fifo_gen/gconvfifo.rf/grf.rf/gntv_or_sync_fifo.gl0.rd/gr1.gr1_int.rfwft/user_valid.
INFO: [DRC REQP-181] writefirst: Synchronous clocking is detected for BRAM (hdmi_out_i/axi_vdma_0/U0/I_PRMRY_DATAMOVER/GEN_MM2S_FULL.I_MM2S_FULL_WRAPPER/GEN_INCLUDE_MM2S_SF.I_RD_SF/I_DATA_FIFO/BLK_MEM.I_SYNC_FIFOGEN_FIFO/xpm_fifo_instance.xpm_fifo_sync_inst/xpm_fifo_base_inst/gen_sdpram.xpm_memory_base_inst/gen_wr_a.gen_word_narrow.mem_reg) in SDP mode with WRITE_FIRST write-mode. This is the preferred mode for best power characteristics, however it may exhibit address collisions if the same address appears on both read and write ports resulting in unknown or corrupted read data. It is suggested to confirm via simulation that an address collision never occurs and if so it is suggested to try and avoid this situation. If address collisions cannot be avoided, the write-mode may be set to READ_FIRST which guarantees that the read data is the prior contents of the memory at the cost of additional power in the design. See the FPGA Memory Resources User Guide for additional information.
INFO: [Vivado 12-3199] DRC finished with 0 Errors, 3 Warnings, 1 Advisories
INFO: [Vivado 12-3200] Please refer to the DRC report (report_drc) for more information.
INFO: [Designutils 20-2272] Running write_bitstream with 2 threads.
Loading data files...
Loading site data...
Loading route data...
Processing options...
Creating bitmap...
Creating bitstream...
Writing bitstream ./hdmi_out_wrapper.bit...
INFO: [Vivado 12-1842] Bitgen Completed Successfully.
INFO: [Project 1-120] WebTalk data collection is mandatory when using a WebPACK part without a full Vivado license. To see the specific WebTalk data collected for your design, open the usage_statistics_webtalk.html or usage_statistics_webtalk.xml file in the implementation directory.
INFO: [Common 17-83] Releasing license: Implementation
122 Infos, 15 Warnings, 8 Critical Warnings and 0 Errors encountered.
write_bitstream completed successfully
write_bitstream: Time (s): cpu = 00:00:22 ; elapsed = 00:00:19 . Memory (MB): peak = 1901.516 ; gain = 430.152
INFO: [Common 17-206] Exiting Vivado at Sat Jan  8 11:18:51 2022...
