#-----------------------------------------------------------
# Webtalk v2018.2.2 (64-bit)
# SW Build 2348494 on Mon Oct  1 18:25:44 MDT 2018
# 
# Start of session at: Tue Jan  4 22:29:50 2022
# Process ID: 2436
# Current directory: C:/Git/slime/hdmi-out.sdk/webtalk
# Command line: wbtcv.exe -mode batch -source sdk_webtalk.tcl
# Log file: C:/Git/slime/hdmi-out.sdk/webtalk/webtalk.log
# Journal file: C:/Git/slime/hdmi-out.sdk/webtalk\webtalk.jou
#-----------------------------------------------------------
source sdk_webtalk.tcl
# webtalk_init -webtalk_dir C:\\Git\\slime\\hdmi-out.sdk\\webtalk
# webtalk_register_client -client project
# webtalk_add_data -client project -key date_generated -value "2022-01-04 22:29:49" -context "software_version_and_target_device"
# webtalk_add_data -client project -key product_version -value "SDK v2018.2" -context "software_version_and_target_device"
# webtalk_add_data -client project -key build_version -value "2018.2" -context "software_version_and_target_device"
# webtalk_add_data -client project -key os_platform -value "amd64" -context "software_version_and_target_device"
# webtalk_add_data -client project -key registration_id -value "" -context "software_version_and_target_device"
# webtalk_add_data -client project -key tool_flow -value "SDK" -context "software_version_and_target_device"
# webtalk_add_data -client project -key beta -value "false" -context "software_version_and_target_device"
# webtalk_add_data -client project -key route_design -value "NA" -context "software_version_and_target_device"
# webtalk_add_data -client project -key target_family -value "NA" -context "software_version_and_target_device"
# webtalk_add_data -client project -key target_device -value "NA" -context "software_version_and_target_device"
# webtalk_add_data -client project -key target_package -value "NA" -context "software_version_and_target_device"
# webtalk_add_data -client project -key target_speed -value "NA" -context "software_version_and_target_device"
# webtalk_add_data -client project -key random_id -value "tlhcthkjbimavpj1hv9vi28av9" -context "software_version_and_target_device"
# webtalk_add_data -client project -key project_id -value "2018.2_26" -context "software_version_and_target_device"
# webtalk_add_data -client project -key project_iteration -value "26" -context "software_version_and_target_device"
# webtalk_add_data -client project -key os_name -value "Microsoft Windows 8 or later , 64-bit" -context "user_environment"
# webtalk_add_data -client project -key os_release -value "major release  (build 9200)" -context "user_environment"
# webtalk_add_data -client project -key cpu_name -value "AMD Ryzen 7 4700U with Radeon Graphics         " -context "user_environment"
# webtalk_add_data -client project -key cpu_speed -value "1996 MHz" -context "user_environment"
# webtalk_add_data -client project -key total_processors -value "1" -context "user_environment"
# webtalk_add_data -client project -key system_ram -value "16.506 GB" -context "user_environment"
# webtalk_register_client -client sdk
# webtalk_add_data -client sdk -key uid -value "1641329419837" -context "sdk\\\\hardware/1641329419837"
# webtalk_add_data -client sdk -key isZynq -value "true" -context "sdk\\\\hardware/1641329419837"
# webtalk_add_data -client sdk -key isZynqMP -value "false" -context "sdk\\\\hardware/1641329419837"
# webtalk_add_data -client sdk -key Processors -value "2" -context "sdk\\\\hardware/1641329419837"
# webtalk_add_data -client sdk -key VivadoVersion -value "2018.2.2" -context "sdk\\\\hardware/1641329419837"
# webtalk_add_data -client sdk -key Arch -value "zynq" -context "sdk\\\\hardware/1641329419837"
# webtalk_add_data -client sdk -key Device -value "7z010" -context "sdk\\\\hardware/1641329419837"
# webtalk_add_data -client sdk -key IsHandoff -value "true" -context "sdk\\\\hardware/1641329419837"
# webtalk_add_data -client sdk -key os -value "NA" -context "sdk\\\\hardware/1641329419837"
# webtalk_add_data -client sdk -key apptemplate -value "NA" -context "sdk\\\\hardware/1641329419837"
# webtalk_add_data -client sdk -key RecordType -value "HWCreation" -context "sdk\\\\hardware/1641329419837"
# webtalk_add_data -client sdk -key uid -value "1641329455716" -context "sdk\\\\bsp/1641329455716"
# webtalk_add_data -client sdk -key hwid -value "1641329419837" -context "sdk\\\\bsp/1641329455716"
# webtalk_add_data -client sdk -key os -value "standalone" -context "sdk\\\\bsp/1641329455716"
# webtalk_add_data -client sdk -key apptemplate -value "empty_application" -context "sdk\\\\bsp/1641329455716"
# webtalk_add_data -client sdk -key RecordType -value "BSPCreation" -context "sdk\\\\bsp/1641329455716"
# webtalk_add_data -client sdk -key uid -value "1641329460594" -context "sdk\\\\application/1641329460594"
# webtalk_add_data -client sdk -key hwid -value "1641329419837" -context "sdk\\\\application/1641329460594"
# webtalk_add_data -client sdk -key bspid -value "1641329455716" -context "sdk\\\\application/1641329460594"
# webtalk_add_data -client sdk -key newbsp -value "true" -context "sdk\\\\application/1641329460594"
# webtalk_add_data -client sdk -key os -value "standalone" -context "sdk\\\\application/1641329460594"
# webtalk_add_data -client sdk -key apptemplate -value "empty_application" -context "sdk\\\\application/1641329460594"
# webtalk_add_data -client sdk -key RecordType -value "APPCreation" -context "sdk\\\\application/1641329460594"
# webtalk_add_data -client sdk -key LangUsed -value "C" -context "sdk\\\\application/1641329460594"
# webtalk_add_data -client sdk -key Procused -value "ps7_cortexa9" -context "sdk\\\\application/1641329460594"
# webtalk_add_data -client sdk -key uid -value "1641329727717" -context "sdk\\\\bsp/1641329727717"
# webtalk_add_data -client sdk -key hwid -value "1641329419837" -context "sdk\\\\bsp/1641329727717"
# webtalk_add_data -client sdk -key os -value "standalone" -context "sdk\\\\bsp/1641329727717"
# webtalk_add_data -client sdk -key apptemplate -value "empty_application" -context "sdk\\\\bsp/1641329727717"
# webtalk_add_data -client sdk -key RecordType -value "BSPCreation" -context "sdk\\\\bsp/1641329727717"
# webtalk_add_data -client sdk -key uid -value "1641329730423" -context "sdk\\\\application/1641329730423"
# webtalk_add_data -client sdk -key hwid -value "1641329419837" -context "sdk\\\\application/1641329730423"
# webtalk_add_data -client sdk -key bspid -value "1641329727717" -context "sdk\\\\application/1641329730423"
# webtalk_add_data -client sdk -key newbsp -value "true" -context "sdk\\\\application/1641329730423"
# webtalk_add_data -client sdk -key os -value "standalone" -context "sdk\\\\application/1641329730423"
# webtalk_add_data -client sdk -key apptemplate -value "empty_application" -context "sdk\\\\application/1641329730423"
# webtalk_add_data -client sdk -key RecordType -value "APPCreation" -context "sdk\\\\application/1641329730423"
# webtalk_add_data -client sdk -key LangUsed -value "C" -context "sdk\\\\application/1641329730423"
# webtalk_add_data -client sdk -key Procused -value "ps7_cortexa9" -context "sdk\\\\application/1641329730423"
# webtalk_add_data -client sdk -key projSize -value "462.84375" -context "sdk\\\\application/1641329730423"
# webtalk_add_data -client sdk -key uid -value "NA" -context "sdk\\\\bsp/1641331789251"
# webtalk_add_data -client sdk -key RecordType -value "ToolUsage" -context "sdk\\\\bsp/1641331789251"
# webtalk_add_data -client sdk -key BootgenCount -value "0" -context "sdk\\\\bsp/1641331789251"
# webtalk_add_data -client sdk -key DebugCount -value "0" -context "sdk\\\\bsp/1641331789251"
# webtalk_add_data -client sdk -key PerfCount -value "0" -context "sdk\\\\bsp/1641331789251"
# webtalk_add_data -client sdk -key FlashCount -value "0" -context "sdk\\\\bsp/1641331789251"
# webtalk_add_data -client sdk -key CrossTriggCount -value "0" -context "sdk\\\\bsp/1641331789251"
# webtalk_add_data -client sdk -key QemuDebugCount -value "0" -context "sdk\\\\bsp/1641331789251"
# webtalk_transmit -clientid 2674665369 -regid "" -xml C:\\Git\\slime\\hdmi-out.sdk\\webtalk\\usage_statistics_ext_sdk.xml -html C:\\Git\\slime\\hdmi-out.sdk\\webtalk\\usage_statistics_ext_sdk.html -wdm C:\\Git\\slime\\hdmi-out.sdk\\webtalk\\sdk_webtalk.wdm -intro "<H3>SDK Usage Report</H3><BR>"
# webtalk_terminate
INFO: [Common 17-206] Exiting Webtalk at Tue Jan  4 22:29:58 2022...
